Log file open, 07/06/20 18:15:19
LogInit: Display: Running engine for game: pinball_Sumit
LogPlatformFile: Not using cached read wrapper
LogTaskGraph: Started task graph with 5 named threads and 23 total threads with 3 sets of task threads.
LogStats: Stats thread started at 1.224868
LogD3D11RHI: Loaded GFSDK_Aftermath_Lib.x64.dll
LogICUInternationalization: ICU TimeZone Detection - Raw Offset: +5:30, Platform Override: ''
LogPluginManager: Mounting plugin Paper2D
LogPluginManager: Mounting plugin AISupport
LogPluginManager: Mounting plugin LightPropagationVolume
LogPluginManager: Mounting plugin CameraShakePreviewer
LogPluginManager: Mounting plugin ActorLayerUtilities
LogPluginManager: Mounting plugin AnimationSharing
LogPluginManager: Mounting plugin CLionSourceCodeAccess
LogPluginManager: Mounting plugin CodeLiteSourceCodeAccess
LogPluginManager: Mounting plugin GitSourceControl
LogPluginManager: Mounting plugin KDevelopSourceCodeAccess
LogPluginManager: Mounting plugin NullSourceCodeAccess
LogPluginManager: Mounting plugin PerforceSourceControl
LogPluginManager: Mounting plugin PlasticSourceControl
LogPluginManager: Mounting plugin RiderSourceCodeAccess
LogPluginManager: Mounting plugin SubversionSourceControl
LogPluginManager: Mounting plugin UObjectPlugin
LogPluginManager: Mounting plugin VisualStudioCodeSourceCodeAccess
LogPluginManager: Mounting plugin VisualStudioSourceCodeAccess
LogPluginManager: Mounting plugin XCodeSourceCodeAccess
LogPluginManager: Mounting plugin AssetManagerEditor
LogPluginManager: Mounting plugin CryptoKeys
LogPluginManager: Mounting plugin CurveEditorTools
LogPluginManager: Mounting plugin DataValidation
LogPluginManager: Mounting plugin EditorScriptingUtilities
LogPluginManager: Mounting plugin FacialAnimation
LogPluginManager: Mounting plugin GameplayTagsEditor
LogPluginManager: Mounting plugin GeometryMode
LogPluginManager: Mounting plugin MacGraphicsSwitching
LogPluginManager: Mounting plugin MaterialAnalyzer
LogPluginManager: Mounting plugin MobileLauncherProfileWizard
LogPluginManager: Mounting plugin PluginBrowser
LogPluginManager: Mounting plugin SpeedTreeImporter
LogPluginManager: Mounting plugin DatasmithContent
LogPluginManager: Mounting plugin VariantManagerContent
LogPluginManager: Mounting plugin AlembicImporter
LogPluginManager: Mounting plugin AutomationUtils
LogPluginManager: Mounting plugin BackChannel
LogPluginManager: Mounting plugin ChaosCloth
LogPluginManager: Mounting plugin ChaosClothEditor
LogPluginManager: Mounting plugin ChaosEditor
LogPluginManager: Mounting plugin ChaosNiagara
LogPluginManager: Mounting plugin ChaosSolverPlugin
LogPluginManager: Mounting plugin CharacterAI
LogPluginManager: Mounting plugin GeometryCache
LogPluginManager: Mounting plugin GeometryCollectionPlugin
LogPluginManager: Mounting plugin GeometryProcessing
LogPluginManager: Mounting plugin PlanarCut
LogPluginManager: Mounting plugin PlatformCrypto
LogPluginManager: Mounting plugin ProxyLODPlugin
LogPluginManager: Mounting plugin SkeletalReduction
LogPluginManager: Mounting plugin Niagara
LogPluginManager: Mounting plugin MagicLeap
LogPluginManager: Mounting plugin MagicLeapLightEstimation
LogPluginManager: Mounting plugin MagicLeapMedia
LogPluginManager: Mounting plugin MagicLeapPassableWorld
LogPluginManager: Mounting plugin MLSDK
LogPluginManager: Mounting plugin AndroidMedia
LogPluginManager: Mounting plugin AvfMedia
LogPluginManager: Mounting plugin ImgMedia
LogPluginManager: Mounting plugin MediaCompositing
LogPluginManager: Mounting plugin MediaPlayerEditor
LogPluginManager: Mounting plugin WebMMedia
LogPluginManager: Mounting plugin WmfMedia
LogPluginManager: Mounting plugin MeshPainting
LogPluginManager: Mounting plugin TcpMessaging
LogPluginManager: Mounting plugin UdpMessaging
LogPluginManager: Mounting plugin ActorSequence
LogPluginManager: Mounting plugin LevelSequenceEditor
LogPluginManager: Mounting plugin MatineeToLevelSequence
LogPluginManager: Mounting plugin MovieRenderPipeline
LogPluginManager: Mounting plugin TemplateSequence
LogPluginManager: Mounting plugin NetcodeUnitTest
LogPluginManager: Mounting plugin NUTUnrealEngine4
LogPluginManager: Mounting plugin OnlineSubsystemGooglePlay
LogPluginManager: Mounting plugin OnlineSubsystemIOS
LogPluginManager: Mounting plugin OnlineSubsystem
LogPluginManager: Mounting plugin OnlineSubsystemNull
LogPluginManager: Mounting plugin OnlineSubsystemUtils
LogPluginManager: Mounting plugin LauncherChunkInstaller
LogPluginManager: Mounting plugin AndroidDeviceProfileSelector
LogPluginManager: Mounting plugin AndroidMoviePlayer
LogPluginManager: Mounting plugin AndroidPermission
LogPluginManager: Mounting plugin AppleImageUtils
LogPluginManager: Mounting plugin AppleMoviePlayer
LogPluginManager: Mounting plugin ArchVisCharacter
LogPluginManager: Mounting plugin AssetTags
LogPluginManager: Mounting plugin AudioCapture
LogPluginManager: Mounting plugin CableComponent
LogPluginManager: Mounting plugin CustomMeshComponent
LogPluginManager: Mounting plugin EditableMesh
LogPluginManager: Mounting plugin ExampleDeviceProfileSelector
LogPluginManager: Mounting plugin GoogleCloudMessaging
LogPluginManager: Mounting plugin GooglePAD
LogPluginManager: Mounting plugin IOSDeviceProfileSelector
LogPluginManager: Mounting plugin LinuxDeviceProfileSelector
LogPluginManager: Mounting plugin LocationServicesBPLibrary
LogPluginManager: Mounting plugin MobilePatchingUtils
LogPluginManager: Mounting plugin OculusVR
LogPluginManager: Mounting plugin PhysXVehicles
LogPluginManager: Mounting plugin PostSplashScreen
LogPluginManager: Mounting plugin ProceduralMeshComponent
LogPluginManager: Mounting plugin RuntimePhysXCooking
LogPluginManager: Mounting plugin SignificanceManager
LogPluginManager: Mounting plugin SoundFields
LogPluginManager: Mounting plugin SteamVR
LogPluginManager: Mounting plugin Synthesis
LogPluginManager: Mounting plugin WebMMoviePlayer
LogPluginManager: Mounting plugin WindowsMoviePlayer
LogPluginManager: Mounting plugin ScreenshotTools
LogInit: Using libcurl 7.55.1-DEV
LogInit:  - built for x86_64-pc-win32
LogInit:  - supports SSL with OpenSSL/1.1.1
LogInit:  - supports HTTP deflate (compression) using libz 1.2.8
LogInit:  - other features:
LogInit:      CURL_VERSION_SSL
LogInit:      CURL_VERSION_LIBZ
LogInit:      CURL_VERSION_IPV6
LogInit:      CURL_VERSION_ASYNCHDNS
LogInit:      CURL_VERSION_LARGEFILE
LogInit:      CURL_VERSION_IDN
LogInit:  CurlRequestOptions (configurable via config and command line):
LogInit:  - bVerifyPeer = true  - Libcurl will verify peer certificate
LogInit:  - bUseHttpProxy = false  - Libcurl will NOT use HTTP proxy
LogInit:  - bDontReuseConnections = false  - Libcurl will reuse connections
LogInit:  - MaxHostConnections = 16  - Libcurl will limit the number of connections to a host
LogInit:  - LocalHostAddr = Default
LogInit:  - BufferSize = 65536
LogOnline: OSS: Creating online subsystem instance for: NULL
LogInit: WinSock: version 1.1 (2.2), MaxSocks=32767, MaxUdp=65467
LogOnline: OSS: TryLoadSubsystemAndSetDefault: Loaded subsystem for module [NULL]
LogInit: Build: ++UE4+Release-4.25-CL-13144385
LogInit: Engine Version: 4.25.0-13144385+++UE4+Release-4.25
LogInit: Compatible Engine Version: 4.25.0-13144385+++UE4+Release-4.25
LogInit: Net CL: 13144385
LogInit: OS: Windows 10 (Release 1809) (), CPU: Intel(R) Core(TM) i5-8265U CPU @ 1.60GHz, GPU: Intel(R) UHD Graphics 620
LogInit: Compiled (64-bit): May  2 2020 02:12:11
LogInit: Compiled with Visual C++: 19.24.28315.00
LogInit: Build Configuration: Development
LogInit: Branch Name: ++UE4+Release-4.25
LogInit: Command Line: 
LogInit: Base Directory: C:/Program Files/Epic Games/UE_4.25/Engine/Binaries/Win64/
LogInit: Allocator: TBB
LogInit: Installed Engine Build: 1
LogDevObjectVersion: Number of dev versions registered: 26
LogDevObjectVersion:   Dev-Blueprints (B0D832E4-1F89-4F0D-ACCF-7EB736FD4AA2): 10
LogDevObjectVersion:   Dev-Build (E1C64328-A22C-4D53-A36C-8E866417BD8C): 0
LogDevObjectVersion:   Dev-Core (375EC13C-06E4-48FB-B500-84F0262A717E): 4
LogDevObjectVersion:   Dev-Editor (E4B068ED-F494-42E9-A231-DA0B2E46BB41): 38
LogDevObjectVersion:   Dev-Framework (CFFC743F-43B0-4480-9391-14DF171D2073): 37
LogDevObjectVersion:   Dev-Mobile (B02B49B5-BB20-44E9-A304-32B752E40360): 2
LogDevObjectVersion:   Dev-Networking (A4E4105C-59A1-49B5-A7C5-40C4547EDFEE): 0
LogDevObjectVersion:   Dev-Online (39C831C9-5AE6-47DC-9A44-9C173E1C8E7C): 0
LogDevObjectVersion:   Dev-Physics (78F01B33-EBEA-4F98-B9B4-84EACCB95AA2): 4
LogDevObjectVersion:   Dev-Platform (6631380F-2D4D-43E0-8009-CF276956A95A): 0
LogDevObjectVersion:   Dev-Rendering (12F88B9F-8875-4AFC-A67C-D90C383ABD29): 43
LogDevObjectVersion:   Dev-Sequencer (7B5AE74C-D270-4C10-A958-57980B212A5A): 12
LogDevObjectVersion:   Dev-VR (D7296918-1DD6-4BDD-9DE2-64A83CC13884): 3
LogDevObjectVersion:   Dev-LoadTimes (C2A15278-BFE7-4AFE-6C17-90FF531DF755): 1
LogDevObjectVersion:   Private-Geometry (6EACA3D4-40EC-4CC1-B786-8BED09428FC5): 3
LogDevObjectVersion:   Dev-AnimPhys (29E575DD-E0A3-4627-9D10-D276232CDCEA): 17
LogDevObjectVersion:   Dev-Anim (AF43A65D-7FD3-4947-9873-3E8ED9C1BB05): 7
LogDevObjectVersion:   Dev-ReflectionCapture (6B266CEC-1EC7-4B8F-A30B-E4D90942FC07): 1
LogDevObjectVersion:   Dev-Automation (0DF73D61-A23F-47EA-B727-89E90C41499A): 1
LogDevObjectVersion:   FortniteMain (601D1886-AC64-4F84-AA16-D3DE0DEAC7D6): 31
LogDevObjectVersion:   Dev-Enterprise (9DFFBCD6-494F-0158-E221-12823C92A888): 10
LogDevObjectVersion:   Dev-Niagara (F2AED0AC-9AFE-416F-8664-AA7FFA26D6FC): 1
LogDevObjectVersion:   Dev-Destruction (174F1F0B-B4C6-45A5-B13F-2EE8D0FB917D): 10
LogDevObjectVersion:   Dev-Physics-Ext (35F94A83-E258-406C-A318-09F59610247C): 37
LogDevObjectVersion:   Dev-PhysicsMaterial-Chaos (B68FC16E-8B1B-42E2-B453-215C058844FE): 1
LogDevObjectVersion:   Dev-CineCamera (B2E18506-4273-CFC2-A54E-F4BB758BBA07): 1
LogInit: Presizing for max 25165824 objects, including 0 objects not considered by GC, pre-allocating 0 bytes for permanent pool.
LogConfig: Applying CVar settings from Section [/Script/Engine.StreamingSettings] File [C:/Users/Sumit/Documents/GitHub/UnrealEngine_Sumit/pinball_Sumit/Saved/Config/Windows/Engine.ini]
LogConfig: Setting CVar [[s.MinBulkDataSizeForAsyncLoading:131072]]
LogConfig: Setting CVar [[s.AsyncLoadingThreadEnabled:0]]
LogConfig: Setting CVar [[s.EventDrivenLoaderEnabled:1]]
LogConfig: Setting CVar [[s.WarnIfTimeLimitExceeded:0]]
LogConfig: Setting CVar [[s.TimeLimitExceededMultiplier:1.5]]
LogConfig: Setting CVar [[s.TimeLimitExceededMinTime:0.005]]
LogConfig: Setting CVar [[s.UseBackgroundLevelStreaming:1]]
LogConfig: Setting CVar [[s.PriorityAsyncLoadingExtraTime:15.0]]
LogConfig: Setting CVar [[s.LevelStreamingActorsUpdateTimeLimit:5.0]]
LogConfig: Setting CVar [[s.PriorityLevelStreamingActorsUpdateExtraTime:5.0]]
LogConfig: Setting CVar [[s.LevelStreamingComponentsRegistrationGranularity:10]]
LogConfig: Setting CVar [[s.UnregisterComponentsTimeLimit:1.0]]
LogConfig: Setting CVar [[s.LevelStreamingComponentsUnregistrationGranularity:5]]
LogConfig: Setting CVar [[s.FlushStreamingOnExit:1]]
LogInit: Object subsystem initialized
LogConfig: Setting CVar [[con.DebugEarlyDefault:1]]
LogConfig: Setting CVar [[r.setres:1280x720]]
[2020.07.06-12.45.20:556][  0]LogConfig: Setting CVar [[r.VSync:0]]
[2020.07.06-12.45.20:556][  0]LogConfig: Setting CVar [[r.RHICmdBypass:0]]
[2020.07.06-12.45.20:556][  0]LogConfig: Applying CVar settings from Section [/Script/Engine.RendererSettings] File [C:/Users/Sumit/Documents/GitHub/UnrealEngine_Sumit/pinball_Sumit/Saved/Config/Windows/Engine.ini]
[2020.07.06-12.45.20:556][  0]LogConfig: Setting CVar [[r.GPUCrashDebugging:0]]
[2020.07.06-12.45.20:556][  0]LogConfig: Setting CVar [[r.MobileMSAA:1]]
[2020.07.06-12.45.20:556][  0]LogConfig: Applying CVar settings from Section [/Script/Engine.RendererOverrideSettings] File [C:/Users/Sumit/Documents/GitHub/UnrealEngine_Sumit/pinball_Sumit/Saved/Config/Windows/Engine.ini]
[2020.07.06-12.45.20:556][  0]LogConfig: Applying CVar settings from Section [/Script/Engine.StreamingSettings] File [C:/Users/Sumit/Documents/GitHub/UnrealEngine_Sumit/pinball_Sumit/Saved/Config/Windows/Engine.ini]
[2020.07.06-12.45.20:556][  0]LogConfig: Setting CVar [[s.MinBulkDataSizeForAsyncLoading:131072]]
[2020.07.06-12.45.20:556][  0]LogConfig: Setting CVar [[s.AsyncLoadingThreadEnabled:0]]
[2020.07.06-12.45.20:556][  0]LogConfig: Setting CVar [[s.EventDrivenLoaderEnabled:1]]
[2020.07.06-12.45.20:556][  0]LogConfig: Setting CVar [[s.WarnIfTimeLimitExceeded:0]]
[2020.07.06-12.45.20:557][  0]LogConfig: Setting CVar [[s.TimeLimitExceededMultiplier:1.5]]
[2020.07.06-12.45.20:557][  0]LogConfig: Setting CVar [[s.TimeLimitExceededMinTime:0.005]]
[2020.07.06-12.45.20:557][  0]LogConfig: Setting CVar [[s.UseBackgroundLevelStreaming:1]]
[2020.07.06-12.45.20:557][  0]LogConfig: Setting CVar [[s.PriorityAsyncLoadingExtraTime:15.0]]
[2020.07.06-12.45.20:557][  0]LogConfig: Setting CVar [[s.LevelStreamingActorsUpdateTimeLimit:5.0]]
[2020.07.06-12.45.20:557][  0]LogConfig: Setting CVar [[s.PriorityLevelStreamingActorsUpdateExtraTime:5.0]]
[2020.07.06-12.45.20:557][  0]LogConfig: Setting CVar [[s.LevelStreamingComponentsRegistrationGranularity:10]]
[2020.07.06-12.45.20:557][  0]LogConfig: Setting CVar [[s.UnregisterComponentsTimeLimit:1.0]]
[2020.07.06-12.45.20:557][  0]LogConfig: Setting CVar [[s.LevelStreamingComponentsUnregistrationGranularity:5]]
[2020.07.06-12.45.20:557][  0]LogConfig: Setting CVar [[s.FlushStreamingOnExit:1]]
[2020.07.06-12.45.20:557][  0]LogConfig: Applying CVar settings from Section [/Script/Engine.GarbageCollectionSettings] File [C:/Users/Sumit/Documents/GitHub/UnrealEngine_Sumit/pinball_Sumit/Saved/Config/Windows/Engine.ini]
[2020.07.06-12.45.20:557][  0]LogConfig: Setting CVar [[gc.MaxObjectsNotConsideredByGC:1]]
[2020.07.06-12.45.20:557][  0]LogConfig: Setting CVar [[gc.SizeOfPermanentObjectPool:0]]
[2020.07.06-12.45.20:557][  0]LogConfig: Setting CVar [[gc.FlushStreamingOnGC:0]]
[2020.07.06-12.45.20:557][  0]LogConfig: Setting CVar [[gc.NumRetriesBeforeForcingGC:10]]
[2020.07.06-12.45.20:557][  0]LogConfig: Setting CVar [[gc.AllowParallelGC:1]]
[2020.07.06-12.45.20:557][  0]LogConfig: Setting CVar [[gc.TimeBetweenPurgingPendingKillObjects:61.1]]
[2020.07.06-12.45.20:557][  0]LogConfig: Setting CVar [[gc.MaxObjectsInEditor:25165824]]
[2020.07.06-12.45.20:557][  0]LogConfig: Setting CVar [[gc.IncrementalBeginDestroyEnabled:1]]
[2020.07.06-12.45.20:557][  0]LogConfig: Setting CVar [[gc.CreateGCClusters:1]]
[2020.07.06-12.45.20:557][  0]LogConfig: Setting CVar [[gc.MinGCClusterSize:5]]
[2020.07.06-12.45.20:557][  0]LogConfig: Setting CVar [[gc.ActorClusteringEnabled:0]]
[2020.07.06-12.45.20:557][  0]LogConfig: Setting CVar [[gc.BlueprintClusteringEnabled:0]]
[2020.07.06-12.45.20:557][  0]LogConfig: Setting CVar [[gc.UseDisregardForGCOnDedicatedServers:0]]
[2020.07.06-12.45.20:557][  0]LogConfig: Applying CVar settings from Section [/Script/Engine.NetworkSettings] File [C:/Users/Sumit/Documents/GitHub/UnrealEngine_Sumit/pinball_Sumit/Saved/Config/Windows/Engine.ini]
[2020.07.06-12.45.20:557][  0]LogConfig: Applying CVar settings from Section [/Script/UnrealEd.CookerSettings] File [C:/Users/Sumit/Documents/GitHub/UnrealEngine_Sumit/pinball_Sumit/Saved/Config/Windows/Engine.ini]
[2020.07.06-12.45.20:562][  0]LogConfig: Applying CVar settings from Section [ViewDistanceQuality@3] File [C:/Users/Sumit/Documents/GitHub/UnrealEngine_Sumit/pinball_Sumit/Saved/Config/Windows/Scalability.ini]
[2020.07.06-12.45.20:562][  0]LogConfig: Setting CVar [[r.SkeletalMeshLODBias:0]]
[2020.07.06-12.45.20:562][  0]LogConfig: Setting CVar [[r.ViewDistanceScale:1.0]]
[2020.07.06-12.45.20:562][  0]LogConfig: Applying CVar settings from Section [AntiAliasingQuality@3] File [C:/Users/Sumit/Documents/GitHub/UnrealEngine_Sumit/pinball_Sumit/Saved/Config/Windows/Scalability.ini]
[2020.07.06-12.45.20:562][  0]LogConfig: Setting CVar [[r.PostProcessAAQuality:4]]
[2020.07.06-12.45.20:563][  0]LogConfig: Applying CVar settings from Section [ShadowQuality@3] File [C:/Users/Sumit/Documents/GitHub/UnrealEngine_Sumit/pinball_Sumit/Saved/Config/Windows/Scalability.ini]
[2020.07.06-12.45.20:563][  0]LogConfig: Setting CVar [[r.LightFunctionQuality:1]]
[2020.07.06-12.45.20:563][  0]LogConfig: Setting CVar [[r.ShadowQuality:5]]
[2020.07.06-12.45.20:563][  0]LogConfig: Setting CVar [[r.Shadow.CSM.MaxCascades:10]]
[2020.07.06-12.45.20:563][  0]LogConfig: Setting CVar [[r.Shadow.MaxResolution:2048]]
[2020.07.06-12.45.20:563][  0]LogConfig: Setting CVar [[r.Shadow.MaxCSMResolution:2048]]
[2020.07.06-12.45.20:563][  0]LogConfig: Setting CVar [[r.Shadow.RadiusThreshold:0.01]]
[2020.07.06-12.45.20:563][  0]LogConfig: Setting CVar [[r.Shadow.DistanceScale:1.0]]
[2020.07.06-12.45.20:563][  0]LogConfig: Setting CVar [[r.Shadow.CSM.TransitionScale:1.0]]
[2020.07.06-12.45.20:563][  0]LogConfig: Setting CVar [[r.Shadow.PreShadowResolutionFactor:1.0]]
[2020.07.06-12.45.20:563][  0]LogConfig: Setting CVar [[r.DistanceFieldShadowing:1]]
[2020.07.06-12.45.20:563][  0]LogConfig: Setting CVar [[r.DistanceFieldAO:1]]
[2020.07.06-12.45.20:563][  0]LogConfig: Setting CVar [[r.AOQuality:2]]
[2020.07.06-12.45.20:563][  0]LogConfig: Setting CVar [[r.VolumetricFog:1]]
[2020.07.06-12.45.20:563][  0]LogConfig: Setting CVar [[r.VolumetricFog.GridPixelSize:8]]
[2020.07.06-12.45.20:563][  0]LogConfig: Setting CVar [[r.VolumetricFog.GridSizeZ:128]]
[2020.07.06-12.45.20:563][  0]LogConfig: Setting CVar [[r.VolumetricFog.HistoryMissSupersampleCount:4]]
[2020.07.06-12.45.20:563][  0]LogConfig: Setting CVar [[r.LightMaxDrawDistanceScale:1]]
[2020.07.06-12.45.20:563][  0]LogConfig: Setting CVar [[r.CapsuleShadows:1]]
[2020.07.06-12.45.20:563][  0]LogConfig: Applying CVar settings from Section [PostProcessQuality@3] File [C:/Users/Sumit/Documents/GitHub/UnrealEngine_Sumit/pinball_Sumit/Saved/Config/Windows/Scalability.ini]
[2020.07.06-12.45.20:563][  0]LogConfig: Setting CVar [[r.MotionBlurQuality:4]]
[2020.07.06-12.45.20:563][  0]LogConfig: Setting CVar [[r.AmbientOcclusionMipLevelFactor:0.4]]
[2020.07.06-12.45.20:563][  0]LogConfig: Setting CVar [[r.AmbientOcclusionMaxQuality:100]]
[2020.07.06-12.45.20:563][  0]LogConfig: Setting CVar [[r.AmbientOcclusionLevels:-1]]
[2020.07.06-12.45.20:563][  0]LogConfig: Setting CVar [[r.AmbientOcclusionRadiusScale:1.0]]
[2020.07.06-12.45.20:563][  0]LogConfig: Setting CVar [[r.DepthOfFieldQuality:2]]
[2020.07.06-12.45.20:563][  0]LogConfig: Setting CVar [[r.RenderTargetPoolMin:400]]
[2020.07.06-12.45.20:563][  0]LogConfig: Setting CVar [[r.LensFlareQuality:2]]
[2020.07.06-12.45.20:563][  0]LogConfig: Setting CVar [[r.SceneColorFringeQuality:1]]
[2020.07.06-12.45.20:563][  0]LogConfig: Setting CVar [[r.EyeAdaptationQuality:2]]
[2020.07.06-12.45.20:563][  0]LogConfig: Setting CVar [[r.BloomQuality:5]]
[2020.07.06-12.45.20:563][  0]LogConfig: Setting CVar [[r.FastBlurThreshold:100]]
[2020.07.06-12.45.20:563][  0]LogConfig: Setting CVar [[r.Upscale.Quality:3]]
[2020.07.06-12.45.20:563][  0]LogConfig: Setting CVar [[r.Tonemapper.GrainQuantization:1]]
[2020.07.06-12.45.20:564][  0]LogConfig: Setting CVar [[r.LightShaftQuality:1]]
[2020.07.06-12.45.20:564][  0]LogConfig: Setting CVar [[r.Filter.SizeScale:1]]
[2020.07.06-12.45.20:564][  0]LogConfig: Setting CVar [[r.Tonemapper.Quality:5]]
[2020.07.06-12.45.20:564][  0]LogConfig: Setting CVar [[r.DOF.Gather.AccumulatorQuality:1        ; higher gathering accumulator quality]]
[2020.07.06-12.45.20:564][  0]LogConfig: Setting CVar [[r.DOF.Gather.PostfilterMethod:1          ; Median3x3 postfilering method]]
[2020.07.06-12.45.20:564][  0]LogConfig: Setting CVar [[r.DOF.Gather.EnableBokehSettings:0       ; no bokeh simulation when gathering]]
[2020.07.06-12.45.20:564][  0]LogConfig: Setting CVar [[r.DOF.Gather.RingCount:4                 ; medium number of samples when gathering]]
[2020.07.06-12.45.20:564][  0]LogConfig: Setting CVar [[r.DOF.Scatter.ForegroundCompositing:1    ; additive foreground scattering]]
[2020.07.06-12.45.20:564][  0]LogConfig: Setting CVar [[r.DOF.Scatter.BackgroundCompositing:2    ; additive background scattering]]
[2020.07.06-12.45.20:564][  0]LogConfig: Setting CVar [[r.DOF.Scatter.EnableBokehSettings:1      ; bokeh simulation when scattering]]
[2020.07.06-12.45.20:564][  0]LogConfig: Setting CVar [[r.DOF.Scatter.MaxSpriteRatio:0.1         ; only a maximum of 10% of scattered bokeh]]
[2020.07.06-12.45.20:564][  0]LogConfig: Setting CVar [[r.DOF.Recombine.Quality:1                ; cheap slight out of focus]]
[2020.07.06-12.45.20:564][  0]LogConfig: Setting CVar [[r.DOF.Recombine.EnableBokehSettings:0    ; no bokeh simulation on slight out of focus]]
[2020.07.06-12.45.20:564][  0]LogConfig: Setting CVar [[r.DOF.TemporalAAQuality:1                ; more stable temporal accumulation]]
[2020.07.06-12.45.20:564][  0]LogConfig: Setting CVar [[r.DOF.Kernel.MaxForegroundRadius:0.025]]
[2020.07.06-12.45.20:564][  0]LogConfig: Setting CVar [[r.DOF.Kernel.MaxBackgroundRadius:0.025]]
[2020.07.06-12.45.20:564][  0]LogConfig: Applying CVar settings from Section [TextureQuality@3] File [C:/Users/Sumit/Documents/GitHub/UnrealEngine_Sumit/pinball_Sumit/Saved/Config/Windows/Scalability.ini]
[2020.07.06-12.45.20:564][  0]LogConfig: Setting CVar [[r.Streaming.MipBias:0]]
[2020.07.06-12.45.20:564][  0]LogConfig: Setting CVar [[r.Streaming.AmortizeCPUToGPUCopy:0]]
[2020.07.06-12.45.20:564][  0]LogConfig: Setting CVar [[r.Streaming.MaxNumTexturesToStreamPerFrame:0]]
[2020.07.06-12.45.20:564][  0]LogConfig: Setting CVar [[r.Streaming.Boost:1]]
[2020.07.06-12.45.20:564][  0]LogConfig: Setting CVar [[r.MaxAnisotropy:8]]
[2020.07.06-12.45.20:564][  0]LogConfig: Setting CVar [[r.VT.MaxAnisotropy:8]]
[2020.07.06-12.45.20:564][  0]LogConfig: Setting CVar [[r.Streaming.LimitPoolSizeToVRAM:0]]
[2020.07.06-12.45.20:564][  0]LogConfig: Setting CVar [[r.Streaming.PoolSize:1000]]
[2020.07.06-12.45.20:564][  0]LogConfig: Setting CVar [[r.Streaming.MaxEffectiveScreenSize:0]]
[2020.07.06-12.45.20:564][  0]LogConfig: Applying CVar settings from Section [EffectsQuality@3] File [C:/Users/Sumit/Documents/GitHub/UnrealEngine_Sumit/pinball_Sumit/Saved/Config/Windows/Scalability.ini]
[2020.07.06-12.45.20:564][  0]LogConfig: Setting CVar [[r.TranslucencyLightingVolumeDim:64]]
[2020.07.06-12.45.20:564][  0]LogConfig: Setting CVar [[r.RefractionQuality:2]]
[2020.07.06-12.45.20:564][  0]LogConfig: Setting CVar [[r.SSR.Quality:3]]
[2020.07.06-12.45.20:564][  0]LogConfig: Setting CVar [[r.SSR.HalfResSceneColor:0]]
[2020.07.06-12.45.20:564][  0]LogConfig: Setting CVar [[r.SceneColorFormat:4]]
[2020.07.06-12.45.20:564][  0]LogConfig: Setting CVar [[r.DetailMode:2]]
[2020.07.06-12.45.20:564][  0]LogConfig: Setting CVar [[r.TranslucencyVolumeBlur:1]]
[2020.07.06-12.45.20:564][  0]LogConfig: Setting CVar [[r.MaterialQualityLevel:1 ; High quality]]
[2020.07.06-12.45.20:565][  0]LogConfig: Setting CVar [[r.SSS.Scale:1]]
[2020.07.06-12.45.20:565][  0]LogConfig: Setting CVar [[r.SSS.SampleSet:2]]
[2020.07.06-12.45.20:565][  0]LogConfig: Setting CVar [[r.SSS.Quality:1]]
[2020.07.06-12.45.20:565][  0]LogConfig: Setting CVar [[r.SSS.HalfRes:0]]
[2020.07.06-12.45.20:565][  0]LogConfig: Setting CVar [[r.SSGI.Quality:3]]
[2020.07.06-12.45.20:565][  0]LogConfig: Setting CVar [[r.EmitterSpawnRateScale:1.0]]
[2020.07.06-12.45.20:565][  0]LogConfig: Setting CVar [[r.ParticleLightQuality:2]]
[2020.07.06-12.45.20:565][  0]LogConfig: Setting CVar [[r.SkyAtmosphere.AerialPerspectiveLUT.FastApplyOnOpaque:1 ; Always have FastSkyLUT 1 in this case to avoid wrong sky]]
[2020.07.06-12.45.20:565][  0]LogConfig: Setting CVar [[r.SkyAtmosphere.AerialPerspectiveLUT.SampleCountPerSlice:1]]
[2020.07.06-12.45.20:565][  0]LogConfig: Setting CVar [[r.SkyAtmosphere.AerialPerspectiveLUT.DepthResolution:16.0]]
[2020.07.06-12.45.20:565][  0]LogConfig: Setting CVar [[r.SkyAtmosphere.FastSkyLUT:1]]
[2020.07.06-12.45.20:565][  0]LogConfig: Setting CVar [[r.SkyAtmosphere.FastSkyLUT.SampleCountMin:4.0]]
[2020.07.06-12.45.20:565][  0]LogConfig: Setting CVar [[r.SkyAtmosphere.FastSkyLUT.SampleCountMax:32.0]]
[2020.07.06-12.45.20:565][  0]LogConfig: Setting CVar [[r.SkyAtmosphere.SampleCountMin:4.0]]
[2020.07.06-12.45.20:565][  0]LogConfig: Setting CVar [[r.SkyAtmosphere.SampleCountMax:32.0]]
[2020.07.06-12.45.20:565][  0]LogConfig: Setting CVar [[r.SkyAtmosphere.TransmittanceLUT.UseSmallFormat:0]]
[2020.07.06-12.45.20:565][  0]LogConfig: Setting CVar [[r.SkyAtmosphere.TransmittanceLUT.SampleCount:10.0]]
[2020.07.06-12.45.20:565][  0]LogConfig: Setting CVar [[r.SkyAtmosphere.MultiScatteringLUT.SampleCount:15.0]]
[2020.07.06-12.45.20:565][  0]LogConfig: Applying CVar settings from Section [FoliageQuality@3] File [C:/Users/Sumit/Documents/GitHub/UnrealEngine_Sumit/pinball_Sumit/Saved/Config/Windows/Scalability.ini]
[2020.07.06-12.45.20:565][  0]LogConfig: Setting CVar [[foliage.DensityScale:1.0]]
[2020.07.06-12.45.20:565][  0]LogConfig: Setting CVar [[grass.DensityScale:1.0]]
[2020.07.06-12.45.20:565][  0]LogConfig: Applying CVar settings from Section [ShadingQuality@3] File [C:/Users/Sumit/Documents/GitHub/UnrealEngine_Sumit/pinball_Sumit/Saved/Config/Windows/Scalability.ini]
[2020.07.06-12.45.20:565][  0]LogConfig: Setting CVar [[r.HairStrands.SkyLighting.SampleCount:16]]
[2020.07.06-12.45.20:565][  0]LogConfig: Setting CVar [[r.HairStrands.SkyLighting.JitterIntegration:0]]
[2020.07.06-12.45.20:565][  0]LogConfig: Setting CVar [[r.HairStrands.SkyAO.SampleCount:16]]
[2020.07.06-12.45.20:565][  0]LogConfig: Setting CVar [[r.HairStrands.DeepShadow.SuperSampling:0]]
[2020.07.06-12.45.20:565][  0]LogConfig: Setting CVar [[r.HairStrands.VisibilityPPLL:0]]
[2020.07.06-12.45.20:565][  0]LogConfig: Setting CVar [[r.HairStrands.RasterizationScale:0.5]]
[2020.07.06-12.45.20:565][  0]LogConfig: Setting CVar [[r.HairStrands.VelocityRasterizationScale:1]]
[2020.07.06-12.45.20:565][  0]LogInit: Selected Device Profile: [Windows]
[2020.07.06-12.45.20:565][  0]LogInit: Applying CVar settings loaded from the selected device profile: [Windows]
[2020.07.06-12.45.20:566][  0]LogHAL: Display: Platform has ~ 8 GB [8429752320 / 8589934592 / 8], which maps to Default [LargestMinGB=32, LargerMinGB=12, DefaultMinGB=8, SmallerMinGB=6, SmallestMinGB=0)
[2020.07.06-12.45.20:566][  0]LogInit: Going up to parent DeviceProfile []
[2020.07.06-12.45.20:566][  0]LogConfig: Applying CVar settings from Section [ViewDistanceQuality@3] File [C:/Users/Sumit/Documents/GitHub/UnrealEngine_Sumit/pinball_Sumit/Saved/Config/Windows/Scalability.ini]
[2020.07.06-12.45.20:566][  0]LogConfig: Setting CVar [[r.SkeletalMeshLODBias:0]]
[2020.07.06-12.45.20:566][  0]LogConfig: Setting CVar [[r.ViewDistanceScale:1.0]]
[2020.07.06-12.45.20:566][  0]LogConfig: Applying CVar settings from Section [AntiAliasingQuality@3] File [C:/Users/Sumit/Documents/GitHub/UnrealEngine_Sumit/pinball_Sumit/Saved/Config/Windows/Scalability.ini]
[2020.07.06-12.45.20:566][  0]LogConfig: Setting CVar [[r.PostProcessAAQuality:4]]
[2020.07.06-12.45.20:566][  0]LogConfig: Applying CVar settings from Section [ShadowQuality@3] File [C:/Users/Sumit/Documents/GitHub/UnrealEngine_Sumit/pinball_Sumit/Saved/Config/Windows/Scalability.ini]
[2020.07.06-12.45.20:566][  0]LogConfig: Setting CVar [[r.LightFunctionQuality:1]]
[2020.07.06-12.45.20:566][  0]LogConfig: Setting CVar [[r.ShadowQuality:5]]
[2020.07.06-12.45.20:566][  0]LogConfig: Setting CVar [[r.Shadow.CSM.MaxCascades:10]]
[2020.07.06-12.45.20:566][  0]LogConfig: Setting CVar [[r.Shadow.MaxResolution:2048]]
[2020.07.06-12.45.20:566][  0]LogConfig: Setting CVar [[r.Shadow.MaxCSMResolution:2048]]
[2020.07.06-12.45.20:566][  0]LogConfig: Setting CVar [[r.Shadow.RadiusThreshold:0.01]]
[2020.07.06-12.45.20:566][  0]LogConfig: Setting CVar [[r.Shadow.DistanceScale:1.0]]
[2020.07.06-12.45.20:566][  0]LogConfig: Setting CVar [[r.Shadow.CSM.TransitionScale:1.0]]
[2020.07.06-12.45.20:566][  0]LogConfig: Setting CVar [[r.Shadow.PreShadowResolutionFactor:1.0]]
[2020.07.06-12.45.20:566][  0]LogConfig: Setting CVar [[r.DistanceFieldShadowing:1]]
[2020.07.06-12.45.20:566][  0]LogConfig: Setting CVar [[r.DistanceFieldAO:1]]
[2020.07.06-12.45.20:566][  0]LogConfig: Setting CVar [[r.AOQuality:2]]
[2020.07.06-12.45.20:566][  0]LogConfig: Setting CVar [[r.VolumetricFog:1]]
[2020.07.06-12.45.20:566][  0]LogConfig: Setting CVar [[r.VolumetricFog.GridPixelSize:8]]
[2020.07.06-12.45.20:566][  0]LogConfig: Setting CVar [[r.VolumetricFog.GridSizeZ:128]]
[2020.07.06-12.45.20:566][  0]LogConfig: Setting CVar [[r.VolumetricFog.HistoryMissSupersampleCount:4]]
[2020.07.06-12.45.20:566][  0]LogConfig: Setting CVar [[r.LightMaxDrawDistanceScale:1]]
[2020.07.06-12.45.20:566][  0]LogConfig: Setting CVar [[r.CapsuleShadows:1]]
[2020.07.06-12.45.20:566][  0]LogConfig: Applying CVar settings from Section [PostProcessQuality@3] File [C:/Users/Sumit/Documents/GitHub/UnrealEngine_Sumit/pinball_Sumit/Saved/Config/Windows/Scalability.ini]
[2020.07.06-12.45.20:566][  0]LogConfig: Setting CVar [[r.MotionBlurQuality:4]]
[2020.07.06-12.45.20:567][  0]LogConfig: Setting CVar [[r.AmbientOcclusionMipLevelFactor:0.4]]
[2020.07.06-12.45.20:567][  0]LogConfig: Setting CVar [[r.AmbientOcclusionMaxQuality:100]]
[2020.07.06-12.45.20:567][  0]LogConfig: Setting CVar [[r.AmbientOcclusionLevels:-1]]
[2020.07.06-12.45.20:567][  0]LogConfig: Setting CVar [[r.AmbientOcclusionRadiusScale:1.0]]
[2020.07.06-12.45.20:567][  0]LogConfig: Setting CVar [[r.DepthOfFieldQuality:2]]
[2020.07.06-12.45.20:567][  0]LogConfig: Setting CVar [[r.RenderTargetPoolMin:400]]
[2020.07.06-12.45.20:567][  0]LogConfig: Setting CVar [[r.LensFlareQuality:2]]
[2020.07.06-12.45.20:567][  0]LogConfig: Setting CVar [[r.SceneColorFringeQuality:1]]
[2020.07.06-12.45.20:567][  0]LogConfig: Setting CVar [[r.EyeAdaptationQuality:2]]
[2020.07.06-12.45.20:567][  0]LogConfig: Setting CVar [[r.BloomQuality:5]]
[2020.07.06-12.45.20:567][  0]LogConfig: Setting CVar [[r.FastBlurThreshold:100]]
[2020.07.06-12.45.20:567][  0]LogConfig: Setting CVar [[r.Upscale.Quality:3]]
[2020.07.06-12.45.20:567][  0]LogConfig: Setting CVar [[r.Tonemapper.GrainQuantization:1]]
[2020.07.06-12.45.20:567][  0]LogConfig: Setting CVar [[r.LightShaftQuality:1]]
[2020.07.06-12.45.20:567][  0]LogConfig: Setting CVar [[r.Filter.SizeScale:1]]
[2020.07.06-12.45.20:567][  0]LogConfig: Setting CVar [[r.Tonemapper.Quality:5]]
[2020.07.06-12.45.20:567][  0]LogConfig: Setting CVar [[r.DOF.Gather.AccumulatorQuality:1        ; higher gathering accumulator quality]]
[2020.07.06-12.45.20:567][  0]LogConfig: Setting CVar [[r.DOF.Gather.PostfilterMethod:1          ; Median3x3 postfilering method]]
[2020.07.06-12.45.20:567][  0]LogConfig: Setting CVar [[r.DOF.Gather.EnableBokehSettings:0       ; no bokeh simulation when gathering]]
[2020.07.06-12.45.20:567][  0]LogConfig: Setting CVar [[r.DOF.Gather.RingCount:4                 ; medium number of samples when gathering]]
[2020.07.06-12.45.20:567][  0]LogConfig: Setting CVar [[r.DOF.Scatter.ForegroundCompositing:1    ; additive foreground scattering]]
[2020.07.06-12.45.20:567][  0]LogConfig: Setting CVar [[r.DOF.Scatter.BackgroundCompositing:2    ; additive background scattering]]
[2020.07.06-12.45.20:567][  0]LogConfig: Setting CVar [[r.DOF.Scatter.EnableBokehSettings:1      ; bokeh simulation when scattering]]
[2020.07.06-12.45.20:567][  0]LogConfig: Setting CVar [[r.DOF.Scatter.MaxSpriteRatio:0.1         ; only a maximum of 10% of scattered bokeh]]
[2020.07.06-12.45.20:567][  0]LogConfig: Setting CVar [[r.DOF.Recombine.Quality:1                ; cheap slight out of focus]]
[2020.07.06-12.45.20:567][  0]LogConfig: Setting CVar [[r.DOF.Recombine.EnableBokehSettings:0    ; no bokeh simulation on slight out of focus]]
[2020.07.06-12.45.20:567][  0]LogConfig: Setting CVar [[r.DOF.TemporalAAQuality:1                ; more stable temporal accumulation]]
[2020.07.06-12.45.20:567][  0]LogConfig: Setting CVar [[r.DOF.Kernel.MaxForegroundRadius:0.025]]
[2020.07.06-12.45.20:567][  0]LogConfig: Setting CVar [[r.DOF.Kernel.MaxBackgroundRadius:0.025]]
[2020.07.06-12.45.20:567][  0]LogConfig: Applying CVar settings from Section [TextureQuality@3] File [C:/Users/Sumit/Documents/GitHub/UnrealEngine_Sumit/pinball_Sumit/Saved/Config/Windows/Scalability.ini]
[2020.07.06-12.45.20:567][  0]LogConfig: Setting CVar [[r.Streaming.MipBias:0]]
[2020.07.06-12.45.20:567][  0]LogConfig: Setting CVar [[r.Streaming.AmortizeCPUToGPUCopy:0]]
[2020.07.06-12.45.20:567][  0]LogConfig: Setting CVar [[r.Streaming.MaxNumTexturesToStreamPerFrame:0]]
[2020.07.06-12.45.20:567][  0]LogConfig: Setting CVar [[r.Streaming.Boost:1]]
[2020.07.06-12.45.20:567][  0]LogConfig: Setting CVar [[r.MaxAnisotropy:8]]
[2020.07.06-12.45.20:568][  0]LogConfig: Setting CVar [[r.VT.MaxAnisotropy:8]]
[2020.07.06-12.45.20:568][  0]LogConfig: Setting CVar [[r.Streaming.LimitPoolSizeToVRAM:0]]
[2020.07.06-12.45.20:568][  0]LogConfig: Setting CVar [[r.Streaming.PoolSize:1000]]
[2020.07.06-12.45.20:568][  0]LogConfig: Setting CVar [[r.Streaming.MaxEffectiveScreenSize:0]]
[2020.07.06-12.45.20:568][  0]LogConfig: Applying CVar settings from Section [EffectsQuality@3] File [C:/Users/Sumit/Documents/GitHub/UnrealEngine_Sumit/pinball_Sumit/Saved/Config/Windows/Scalability.ini]
[2020.07.06-12.45.20:568][  0]LogConfig: Setting CVar [[r.TranslucencyLightingVolumeDim:64]]
[2020.07.06-12.45.20:568][  0]LogConfig: Setting CVar [[r.RefractionQuality:2]]
[2020.07.06-12.45.20:568][  0]LogConfig: Setting CVar [[r.SSR.Quality:3]]
[2020.07.06-12.45.20:568][  0]LogConfig: Setting CVar [[r.SSR.HalfResSceneColor:0]]
[2020.07.06-12.45.20:568][  0]LogConfig: Setting CVar [[r.SceneColorFormat:4]]
[2020.07.06-12.45.20:568][  0]LogConfig: Setting CVar [[r.DetailMode:2]]
[2020.07.06-12.45.20:568][  0]LogConfig: Setting CVar [[r.TranslucencyVolumeBlur:1]]
[2020.07.06-12.45.20:568][  0]LogConfig: Setting CVar [[r.MaterialQualityLevel:1 ; High quality]]
[2020.07.06-12.45.20:568][  0]LogConfig: Setting CVar [[r.SSS.Scale:1]]
[2020.07.06-12.45.20:568][  0]LogConfig: Setting CVar [[r.SSS.SampleSet:2]]
[2020.07.06-12.45.20:568][  0]LogConfig: Setting CVar [[r.SSS.Quality:1]]
[2020.07.06-12.45.20:568][  0]LogConfig: Setting CVar [[r.SSS.HalfRes:0]]
[2020.07.06-12.45.20:568][  0]LogConfig: Setting CVar [[r.SSGI.Quality:3]]
[2020.07.06-12.45.20:568][  0]LogConfig: Setting CVar [[r.EmitterSpawnRateScale:1.0]]
[2020.07.06-12.45.20:568][  0]LogConfig: Setting CVar [[r.ParticleLightQuality:2]]
[2020.07.06-12.45.20:568][  0]LogConfig: Setting CVar [[r.SkyAtmosphere.AerialPerspectiveLUT.FastApplyOnOpaque:1 ; Always have FastSkyLUT 1 in this case to avoid wrong sky]]
[2020.07.06-12.45.20:568][  0]LogConfig: Setting CVar [[r.SkyAtmosphere.AerialPerspectiveLUT.SampleCountPerSlice:1]]
[2020.07.06-12.45.20:568][  0]LogConfig: Setting CVar [[r.SkyAtmosphere.AerialPerspectiveLUT.DepthResolution:16.0]]
[2020.07.06-12.45.20:568][  0]LogConfig: Setting CVar [[r.SkyAtmosphere.FastSkyLUT:1]]
[2020.07.06-12.45.20:568][  0]LogConfig: Setting CVar [[r.SkyAtmosphere.FastSkyLUT.SampleCountMin:4.0]]
[2020.07.06-12.45.20:568][  0]LogConfig: Setting CVar [[r.SkyAtmosphere.FastSkyLUT.SampleCountMax:32.0]]
[2020.07.06-12.45.20:568][  0]LogConfig: Setting CVar [[r.SkyAtmosphere.SampleCountMin:4.0]]
[2020.07.06-12.45.20:568][  0]LogConfig: Setting CVar [[r.SkyAtmosphere.SampleCountMax:32.0]]
[2020.07.06-12.45.20:568][  0]LogConfig: Setting CVar [[r.SkyAtmosphere.TransmittanceLUT.UseSmallFormat:0]]
[2020.07.06-12.45.20:568][  0]LogConfig: Setting CVar [[r.SkyAtmosphere.TransmittanceLUT.SampleCount:10.0]]
[2020.07.06-12.45.20:568][  0]LogConfig: Setting CVar [[r.SkyAtmosphere.MultiScatteringLUT.SampleCount:15.0]]
[2020.07.06-12.45.20:568][  0]LogConfig: Applying CVar settings from Section [FoliageQuality@3] File [C:/Users/Sumit/Documents/GitHub/UnrealEngine_Sumit/pinball_Sumit/Saved/Config/Windows/Scalability.ini]
[2020.07.06-12.45.20:568][  0]LogConfig: Setting CVar [[foliage.DensityScale:1.0]]
[2020.07.06-12.45.20:568][  0]LogConfig: Setting CVar [[grass.DensityScale:1.0]]
[2020.07.06-12.45.20:569][  0]LogConfig: Applying CVar settings from Section [ShadingQuality@3] File [C:/Users/Sumit/Documents/GitHub/UnrealEngine_Sumit/pinball_Sumit/Saved/Config/Windows/Scalability.ini]
[2020.07.06-12.45.20:569][  0]LogConfig: Setting CVar [[r.HairStrands.SkyLighting.SampleCount:16]]
[2020.07.06-12.45.20:569][  0]LogConfig: Setting CVar [[r.HairStrands.SkyLighting.JitterIntegration:0]]
[2020.07.06-12.45.20:569][  0]LogConfig: Setting CVar [[r.HairStrands.SkyAO.SampleCount:16]]
[2020.07.06-12.45.20:569][  0]LogConfig: Setting CVar [[r.HairStrands.DeepShadow.SuperSampling:0]]
[2020.07.06-12.45.20:569][  0]LogConfig: Setting CVar [[r.HairStrands.VisibilityPPLL:0]]
[2020.07.06-12.45.20:569][  0]LogConfig: Setting CVar [[r.HairStrands.RasterizationScale:0.5]]
[2020.07.06-12.45.20:569][  0]LogConfig: Setting CVar [[r.HairStrands.VelocityRasterizationScale:1]]
[2020.07.06-12.45.20:569][  0]LogConfig: Applying CVar settings from Section [Startup] File [../../../Engine/Config/ConsoleVariables.ini]
[2020.07.06-12.45.20:581][  0]LogConfig: Setting CVar [[net.UseAdaptiveNetUpdateFrequency:0]]
[2020.07.06-12.45.20:581][  0]LogConfig: Setting CVar [[p.chaos.AllowCreatePhysxBodies:1]]
[2020.07.06-12.45.20:581][  0]LogConfig: Setting CVar [[fx.SkipVectorVMBackendOptimizations:1]]
[2020.07.06-12.45.20:581][  0]LogConfig: Applying CVar settings from Section [ConsoleVariables] File [C:/Users/Sumit/Documents/GitHub/UnrealEngine_Sumit/pinball_Sumit/Saved/Config/Windows/Engine.ini]
[2020.07.06-12.45.20:581][  0]LogInit: Computer: S-U-M-I-T
[2020.07.06-12.45.20:581][  0]LogInit: User: Sumit
[2020.07.06-12.45.20:581][  0]LogInit: CPU Page size=4096, Cores=4
[2020.07.06-12.45.20:581][  0]LogInit: High frequency timer resolution =10.000000 MHz
[2020.07.06-12.45.20:581][  0]LogMemory: Memory total: Physical=7.9GB (8GB approx)
[2020.07.06-12.45.20:581][  0]LogMemory: Platform Memory Stats for Windows
[2020.07.06-12.45.20:581][  0]LogMemory: Process Physical Memory: 114.02 MB used, 114.02 MB peak
[2020.07.06-12.45.20:581][  0]LogMemory: Process Virtual Memory: 96.25 MB used, 96.25 MB peak
[2020.07.06-12.45.20:581][  0]LogMemory: Physical Memory: 5182.04 MB used,  2857.20 MB free, 8039.24 MB total
[2020.07.06-12.45.20:581][  0]LogMemory: Virtual Memory: 5158.66 MB used,  134212568.00 MB free, 134217728.00 MB total
[2020.07.06-12.45.20:593][  0]LogWindows: WindowsPlatformFeatures enabled
[2020.07.06-12.45.20:707][  0]LogInit: Physics initialised using underlying interface: PhysX
[2020.07.06-12.45.20:710][  0]LogInit: Using OS detected language (en-US).
[2020.07.06-12.45.20:710][  0]LogInit: Using OS detected locale (en-IN).
[2020.07.06-12.45.20:729][  0]LogTextLocalizationManager: No specific localization for 'en-US' exists, so the 'en' localization will be used.
[2020.07.06-12.45.21:457][  0]LogInit: Setting process to per monitor DPI aware
[2020.07.06-12.45.21:573][  0]LogSlate: New Slate User Created.  User Index 0, Is Virtual User: 0
[2020.07.06-12.45.21:573][  0]LogSlate: Slate User Registered.  User Index 0, Is Virtual User: 0
[2020.07.06-12.45.26:496][  0]LogHMD: Failed to initialize OpenVR with code 110
[2020.07.06-12.45.26:496][  0]LogD3D11RHI: D3D11 min allowed feature level: 11_0
[2020.07.06-12.45.26:496][  0]LogD3D11RHI: D3D11 max allowed feature level: 11_0
[2020.07.06-12.45.26:496][  0]LogD3D11RHI: D3D11 adapters:
[2020.07.06-12.45.27:199][  0]LogD3D11RHI:    0. 'NVIDIA GeForce MX250' (Feature Level 11_0)
[2020.07.06-12.45.27:199][  0]LogD3D11RHI:       1983/0/4019 MB DedicatedVideo/DedicatedSystem/SharedSystem, Outputs:1, VendorId:0x10de
[2020.07.06-12.45.27:220][  0]LogD3D11RHI:    1. 'Intel(R) UHD Graphics 620' (Feature Level 11_0)
[2020.07.06-12.45.27:220][  0]LogD3D11RHI:       128/0/4019 MB DedicatedVideo/DedicatedSystem/SharedSystem, Outputs:0, VendorId:0x8086
[2020.07.06-12.45.27:223][  0]LogD3D11RHI:    2. 'Microsoft Basic Render Driver' (Feature Level 11_0)
[2020.07.06-12.45.27:223][  0]LogD3D11RHI:       0/0/4019 MB DedicatedVideo/DedicatedSystem/SharedSystem, Outputs:0, VendorId:0x1414
[2020.07.06-12.45.27:223][  0]LogD3D11RHI: Chosen D3D11 Adapter: 0
[2020.07.06-12.45.27:239][  0]LogD3D11RHI: Creating new Direct3DDevice
[2020.07.06-12.45.27:239][  0]LogD3D11RHI:     GPU DeviceId: 0x1d13 (for the marketing name, search the web for "GPU Device Id")
[2020.07.06-12.45.27:239][  0]LogWindows: EnumDisplayDevices:
[2020.07.06-12.45.27:239][  0]LogWindows:    0. 'Intel(R) UHD Graphics 620' (P:1 D:1)
[2020.07.06-12.45.27:239][  0]LogWindows:    1. 'Intel(R) UHD Graphics 620' (P:0 D:0)
[2020.07.06-12.45.27:240][  0]LogWindows:    2. 'Intel(R) UHD Graphics 620' (P:0 D:0)
[2020.07.06-12.45.27:240][  0]LogWindows: DebugString: PrimaryIsNotTheChoosenAdapter PrimaryIsNotTheChoosenAdapter PrimaryIsNotTheChoosenAdapter FoundDriverCount:0 
[2020.07.06-12.45.27:240][  0]LogD3D11RHI:     Adapter Name: NVIDIA GeForce MX250
[2020.07.06-12.45.27:240][  0]LogD3D11RHI:   Driver Version: Unknown (internal:Unknown, unified:Unknown)
[2020.07.06-12.45.27:240][  0]LogD3D11RHI:      Driver Date: Unknown
[2020.07.06-12.45.27:240][  0]LogRHI: Texture pool is 1388 MB (70% of 1983 MB)
[2020.07.06-12.45.27:290][  0]LogD3D11RHI: RHI has support for 64 bit atomics
[2020.07.06-12.45.27:293][  0]LogD3D11RHI: [Aftermath] Enabled and primed
[2020.07.06-12.45.27:293][  0]LogD3D11RHI: Async texture creation enabled
[2020.07.06-12.45.27:293][  0]LogD3D11RHI: Array index from any shader is supported
[2020.07.06-12.45.27:315][  0]LogD3D11RHI: GPU Timing Frequency: 1000.000000 (Debug: 2 2)
[2020.07.06-12.45.27:886][  0]LogTargetPlatformManager: Display: Loaded TargetPlatform 'AllDesktop'
[2020.07.06-12.45.27:920][  0]LogTargetPlatformManager: Display: Loaded TargetPlatform 'Android'
[2020.07.06-12.45.27:920][  0]LogTargetPlatformManager: Display: Loaded TargetPlatform 'Android_ASTC'
[2020.07.06-12.45.27:920][  0]LogTargetPlatformManager: Display: Loaded TargetPlatform 'Android_DXT'
[2020.07.06-12.45.27:920][  0]LogTargetPlatformManager: Display: Loaded TargetPlatform 'Android_ETC2'
[2020.07.06-12.45.27:921][  0]LogTargetPlatformManager: Display: Loaded TargetPlatform 'AndroidClient'
[2020.07.06-12.45.27:921][  0]LogTargetPlatformManager: Display: Loaded TargetPlatform 'Android_ASTCClient'
[2020.07.06-12.45.27:921][  0]LogTargetPlatformManager: Display: Loaded TargetPlatform 'Android_DXTClient'
[2020.07.06-12.45.27:921][  0]LogTargetPlatformManager: Display: Loaded TargetPlatform 'Android_ETC2Client'
[2020.07.06-12.45.27:921][  0]LogTargetPlatformManager: Display: Loaded TargetPlatform 'Android_Multi'
[2020.07.06-12.45.27:921][  0]LogTargetPlatformManager: Display: Loaded TargetPlatform 'Android_MultiClient'
[2020.07.06-12.45.27:962][  0]LogTargetPlatformManager: Display: Loaded TargetPlatform 'IOSClient'
[2020.07.06-12.45.27:962][  0]LogTargetPlatformManager: Display: Loaded TargetPlatform 'IOS'
[2020.07.06-12.45.28:008][  0]LogTargetPlatformManager: Display: Loaded TargetPlatform 'Linux'
[2020.07.06-12.45.28:031][  0]LogTargetPlatformManager: Display: Loaded TargetPlatform 'LinuxNoEditor'
[2020.07.06-12.45.28:049][  0]LogTargetPlatformManager: Display: Loaded TargetPlatform 'LinuxClient'
[2020.07.06-12.45.28:062][  0]LogTargetPlatformManager: Display: Loaded TargetPlatform 'LinuxServer'
[2020.07.06-12.45.28:077][  0]LogTargetPlatformManager: Display: Loaded TargetPlatform 'LinuxAArch64NoEditor'
[2020.07.06-12.45.28:089][  0]LogTargetPlatformManager: Display: Loaded TargetPlatform 'LinuxAArch64Client'
[2020.07.06-12.45.28:102][  0]LogTargetPlatformManager: Display: Loaded TargetPlatform 'LinuxAArch64Server'
[2020.07.06-12.45.28:154][  0]LogTargetPlatformManager: Display: Loaded TargetPlatform 'Lumin'
[2020.07.06-12.45.28:154][  0]LogTargetPlatformManager: Display: Loaded TargetPlatform 'LuminClient'
[2020.07.06-12.45.28:174][  0]LogTargetPlatformManager: Display: Loaded TargetPlatform 'TVOSClient'
[2020.07.06-12.45.28:174][  0]LogTargetPlatformManager: Display: Loaded TargetPlatform 'TVOS'
[2020.07.06-12.45.28:185][  0]LogTargetPlatformManager: Display: Loaded TargetPlatform 'WindowsNoEditor'
[2020.07.06-12.45.28:197][  0]LogTargetPlatformManager: Display: Loaded TargetPlatform 'Windows'
[2020.07.06-12.45.28:210][  0]LogTargetPlatformManager: Display: Loaded TargetPlatform 'WindowsClient'
[2020.07.06-12.45.28:223][  0]LogTargetPlatformManager: Display: Loaded TargetPlatform 'WindowsServer'
[2020.07.06-12.45.28:223][  0]LogTargetPlatformManager: Display: Building Assets For Windows
[2020.07.06-12.45.28:241][  0]LogAudioDebug: Display: Lib vorbis DLL was dynamically loaded.
[2020.07.06-12.45.28:355][  0]LogShaderCompilers: Guid format shader working directory is -34 characters bigger than the processId version (../../../../../../Users/Sumit/Documents/GitHub/UnrealEngine_Sumit/pinball_Sumit/Intermediate/Shaders/WorkingDirectory/16636/).
[2020.07.06-12.45.28:356][  0]LogShaderCompilers: Cleaned the shader compiler working directory 'C:/Users/Sumit/AppData/Local/Temp/UnrealShaderWorkingDir/EF37950A407011BBFD6F1EB7A5F3C0B4/'.
[2020.07.06-12.45.28:357][  0]LogXGEController: Cleaning working directory: C:/Users/Sumit/AppData/Local/Temp/UnrealXGEWorkingDir/
[2020.07.06-12.45.28:358][  0]LogXGEController: Cannot use XGE Controller as Incredibuild is not installed on this machine.
[2020.07.06-12.45.28:358][  0]LogShaderCompilers: Cannot use XGE Shader Compiler as Incredibuild is not installed on this machine.
[2020.07.06-12.45.28:358][  0]LogShaderCompilers: Display: Using Local Shader Compiler.
[2020.07.06-12.45.34:148][  0]LogDerivedDataCache: Display: Max Cache Size: 512 MB
[2020.07.06-12.45.34:282][  0]LogDerivedDataCache: Loaded boot cache 0.13s 104MB C:/Users/Sumit/AppData/Local/UnrealEngine/4.25/DerivedDataCache/Boot.ddc.
[2020.07.06-12.45.34:282][  0]LogDerivedDataCache: Display: Loaded Boot cache: C:/Users/Sumit/AppData/Local/UnrealEngine/4.25/DerivedDataCache/Boot.ddc
[2020.07.06-12.45.34:282][  0]LogDerivedDataCache: FDerivedDataBackendGraph:  Pak pak cache file ../../../../../../Users/Sumit/Documents/GitHub/UnrealEngine_Sumit/pinball_Sumit/DerivedDataCache/DDC.ddp not found, will not use a pak cache.
[2020.07.06-12.45.34:282][  0]LogDerivedDataCache: Unable to find inner node Pak for hierarchical cache Hierarchy.
[2020.07.06-12.45.34:283][  0]LogDerivedDataCache: FDerivedDataBackendGraph:  CompressedPak pak cache file ../../../../../../Users/Sumit/Documents/GitHub/UnrealEngine_Sumit/pinball_Sumit/DerivedDataCache/Compressed.ddp not found, will not use a pak cache.
[2020.07.06-12.45.34:283][  0]LogDerivedDataCache: Unable to find inner node CompressedPak for hierarchical cache Hierarchy.
[2020.07.06-12.45.34:308][  0]LogDerivedDataCache: Display: Pak cache opened for reading ../../../Engine/DerivedDataCache/Compressed.ddp.
[2020.07.06-12.45.34:309][  0]LogDerivedDataCache: FDerivedDataBackendGraph:  EnterprisePak pak cache file ../../../Enterprise/DerivedDataCache/Compressed.ddp not found, will not use a pak cache.
[2020.07.06-12.45.34:309][  0]LogDerivedDataCache: Unable to find inner node EnterprisePak for hierarchical cache Hierarchy.
[2020.07.06-12.45.34:312][  0]LogDerivedDataCache: Using Local data cache path C:/Users/Sumit/AppData/Local/UnrealEngine/Common/DerivedDataCache: Writable
[2020.07.06-12.45.34:312][  0]LogDerivedDataCache: Shared data cache path not found in *engine.ini, will not use an Shared cache.
[2020.07.06-12.45.34:312][  0]LogDerivedDataCache: Unable to find inner node Shared for hierarchical cache Hierarchy.
[2020.07.06-12.45.34:448][  0]LogSlate: Using FreeType 2.10.0
[2020.07.06-12.45.34:481][  0]LogSlate: SlateFontServices - WITH_FREETYPE: 1, WITH_HARFBUZZ: 1
[2020.07.06-12.45.34:583][  0]LogAssetRegistry: FAssetRegistry took 0.0056 seconds to start up
[2020.07.06-12.45.35:177][  0]LogInit: Selected Device Profile: [Windows]
[2020.07.06-12.45.35:672][  0]LogMeshReduction: Using QuadricMeshReduction for automatic static mesh reduction
[2020.07.06-12.45.35:672][  0]LogMeshReduction: Using SimplygonMeshReduction for automatic skeletal mesh reduction
[2020.07.06-12.45.35:672][  0]LogMeshReduction: Using ProxyLODMeshReduction for automatic mesh merging
[2020.07.06-12.45.35:672][  0]LogMeshReduction: No distributed automatic mesh merging module available
[2020.07.06-12.45.35:672][  0]LogMeshMerging: No distributed automatic mesh merging module available
[2020.07.06-12.45.35:759][  0]LogNetVersion: pinball_Sumit 1.0.0, NetCL: 13144385, EngineNetVer: 14, GameNetVer: 0 (Checksum: 1628862385)
[2020.07.06-12.45.38:386][  0]LogAISub: UAISubsystem::UAISubsystem AISubsystem (000001EF1F409880), frame # 0
[2020.07.06-12.45.38:386][  0]LogAISub: UAISubsystem::UAISubsystem AIPerceptionSystem (000001EF1F30A0C0), frame # 0
[2020.07.06-12.45.38:389][  0]LogAISub: UAISubsystem::UAISubsystem EnvQueryManager (000001EF1F34DE00), frame # 0
[2020.07.06-12.45.38:596][  0]LogPackageLocalizationCache: Processed 19 localized package path(s) for 1 prioritized culture(s) in 0.167462 seconds
[2020.07.06-12.45.38:606][  0]LogUObjectArray: 15917 objects as part of root set at end of initial load.
[2020.07.06-12.45.38:606][  0]LogUObjectAllocator: 3965568 out of 0 bytes used by permanent object pool.
[2020.07.06-12.45.38:606][  0]LogUObjectArray: CloseDisregardForGC: 0/0 objects in disregard for GC pool
[2020.07.06-12.45.42:915][  0]LogTcpMessaging: Initializing TcpMessaging bridge
[2020.07.06-12.45.42:957][  0]LogUdpMessaging: Initializing bridge on interface 0.0.0.0:0 to multicast group 230.0.0.1:6666.
[2020.07.06-12.45.43:854][  0]SourceControl: Source control is disabled
[2020.07.06-12.45.43:855][  0]SourceControl: Source control is disabled
[2020.07.06-12.45.43:970][  0]SourceControl: Source control is disabled
[2020.07.06-12.45.44:009][  0]SourceControl: Source control is disabled
[2020.07.06-12.45.44:077][  0]SourceControl: Source control is disabled
[2020.07.06-12.45.47:112][  0]LogAndroidPermission: UAndroidPermissionCallbackProxy::GetInstance
[2020.07.06-12.45.47:321][  0]LogAudioCaptureCore: Display: No Audio Capture implementations found. Audio input will be silent.
[2020.07.06-12.45.47:321][  0]LogAudioCaptureCore: Display: No Audio Capture implementations found. Audio input will be silent.
[2020.07.06-12.45.47:693][  0]LogOcInput: OculusInput pre-init called
[2020.07.06-12.45.47:782][  0]LogWindows: Failed to load 'OVRPlugin.dll' (GetLastError=126)
[2020.07.06-12.45.47:782][  0]LogWindows: File 'OVRPlugin.dll' does not exist
[2020.07.06-12.45.48:134][  0]LogEngine: Initializing Engine...
[2020.07.06-12.45.48:136][  0]LogHMD: Failed to initialize OpenVR with code 110
[2020.07.06-12.45.48:136][  0]LogMagicLeap: Warning: VR disabled because ZI is not enabled.  To enable, in the editor, Edit -> Project Settings -> Plugins -> Magic Leap Plugin -> Enable Zero Iteration
[2020.07.06-12.45.48:137][  0]LogStats: UGameplayTagsManager::InitializeManager -  0.000 s
[2020.07.06-12.45.48:764][  0]LogInit: Initializing FReadOnlyCVARCache
[2020.07.06-12.45.48:803][  0]LogAIModule: Creating AISystem for world Untitled
[2020.07.06-12.45.48:803][  0]LogAISub: UAISubsystem::UAISubsystem EnvQueryManager (000001EF21E7FC00), frame # 0
[2020.07.06-12.45.48:803][  0]LogAISub: UAISubsystem::UAISubsystem AIPerceptionSystem (000001EF21EDC900), frame # 0
[2020.07.06-12.45.48:891][  0]LogAudioMixer: Display: Audio Mixer Platform Settings:
[2020.07.06-12.45.48:891][  0]LogAudioMixer: Display: 	Sample Rate:						  48000
[2020.07.06-12.45.48:891][  0]LogAudioMixer: Display: 	Callback Buffer Frame Size Requested: 1024
[2020.07.06-12.45.48:891][  0]LogAudioMixer: Display: 	Callback Buffer Frame Size To Use:	  1024
[2020.07.06-12.45.48:891][  0]LogAudioMixer: Display: 	Number of buffers to queue:			  2
[2020.07.06-12.45.48:891][  0]LogAudioMixer: Display: 	Max Channels (voices):				  32
[2020.07.06-12.45.48:891][  0]LogAudioMixer: Display: 	Number of Async Source Workers:		  0
[2020.07.06-12.45.48:891][  0]LogAudio: Display: AudioDevice MaxSources: 32
[2020.07.06-12.45.48:892][  0]LogAudio: Display: Using built-in audio occlusion.
[2020.07.06-12.45.48:892][  0]LogAudioMixer: Display: Initializing audio mixer.
[2020.07.06-12.45.48:938][  0]LogAudioMixer: Display: 0: FrontLeft
[2020.07.06-12.45.48:938][  0]LogAudioMixer: Display: 1: FrontRight
[2020.07.06-12.45.49:046][  0]LogAudioMixer: Display: Using Audio Device Speakers (Realtek(R) Audio)
[2020.07.06-12.45.49:051][  0]LogAudioMixer: Display: Initializing Sound Submixes...
[2020.07.06-12.45.49:080][  0]LogAudioMixer: Display: Creating Master Submix 'MasterSubmixDefault'
[2020.07.06-12.45.49:080][  0]LogAudioMixer: Display: Creating Master Submix 'MasterReverbSubmixDefault'
[2020.07.06-12.45.49:080][  0]LogAudioMixer: Display: Creating Master Submix 'MasterEQSubmixDefault'
[2020.07.06-12.45.49:082][  0]LogInit: FAudioDevice initialized.
[2020.07.06-12.45.49:082][  0]LogNetVersion: Set ProjectVersion to 1.0.0.0. Version Checksum will be recalculated on next use.
[2020.07.06-12.45.49:171][  0]LogDerivedDataCache: Saved boot cache 0.09s 104MB C:/Users/Sumit/AppData/Local/UnrealEngine/4.25/DerivedDataCache/Boot.ddc.
[2020.07.06-12.45.49:183][  0]LogInit: Texture streaming: Enabled
[2020.07.06-12.45.49:270][  0]LogEngineSessionManager: EngineSessionManager initialized
[2020.07.06-12.45.49:270][  0]LogEditorSessionSummary: Verbose: Initializing EditorSessionSummaryWriter for editor session tracking
[2020.07.06-12.45.49:281][  0]LogEditorSessionSummary: EditorSessionSummaryWriter initialized
[2020.07.06-12.45.49:456][  0]LogInit: Transaction tracking system initialized
[2020.07.06-12.45.49:652][  0]BlueprintLog: New page: Editor Load
[2020.07.06-12.45.50:286][  0]LocalizationService: Localization service is disabled
[2020.07.06-12.45.51:339][  0]LogCook: Display: Max memory allowance for cook 16384mb min free memory 0mb
[2020.07.06-12.45.51:339][  0]LogCook: Display: Mobile HDR setting 1
[2020.07.06-12.45.51:518][  0]LogFileCache: Scanning file cache for directory 'C:/Users/Sumit/Documents/GitHub/UnrealEngine_Sumit/pinball_Sumit/Content/' took 0.00s
[2020.07.06-12.45.51:518][  0]LogLinker: Warning: Failed to load '/Engine/BasicShapes/Cube': Can't find file.
[2020.07.06-12.45.51:519][  0]LogLinker: Warning: Failed to load '/Engine/BasicShapes/Cube': Can't find file.
[2020.07.06-12.45.51:519][  0]LogUObjectGlobals: Warning: Failed to find object 'StaticMesh /Engine/BasicShapes/Cube.Cube'
[2020.07.06-12.45.52:618][  0]SourceControl: Source control is disabled
[2020.07.06-12.45.52:619][  0]LogUnrealEdMisc: Loading editor; pre map load, took 47.596
[2020.07.06-12.45.52:619][  0]Cmd: MAP LOAD FILE="../../../Engine/Content/Maps/Templates/Template_Default.umap" TEMPLATE=1 SHOWPROGRESS=1 FEATURELEVEL=3
[2020.07.06-12.45.52:628][  0]LightingResults: New page: Lighting Build
[2020.07.06-12.45.52:631][  0]LogWorld: UWorld::CleanupWorld for Untitled, bSessionEnded=true, bCleanupResources=true
[2020.07.06-12.45.52:631][  0]LogSlate: InvalidateAllWidgets triggered.  All widgets were invalidated
[2020.07.06-12.45.52:631][  0]MapCheck: New page: Map Check
[2020.07.06-12.45.52:631][  0]LightingResults: New page: Lighting Build
[2020.07.06-12.45.52:646][  0]LogAISub: UAISubsystem::~UAISubsystem EnvQueryManager (000001EF21E7FC00), frame # 0
[2020.07.06-12.45.52:646][  0]LogAISub: UAISubsystem::~UAISubsystem AIPerceptionSystem (000001EF21EDC900), frame # 0
[2020.07.06-12.45.52:647][  0]LogUObjectHash: Compacting FUObjectHashTables data took   0.95ms
[2020.07.06-12.45.52:972][  0]LogAIModule: Creating AISystem for world Untitled_1
[2020.07.06-12.45.52:972][  0]LogAISub: UAISubsystem::UAISubsystem EnvQueryManager (000001EF0FE0BE00), frame # 0
[2020.07.06-12.45.52:972][  0]LogAISub: UAISubsystem::UAISubsystem AIPerceptionSystem (000001EF0FFF9BC0), frame # 0
[2020.07.06-12.45.52:994][  0]LogEditorServer: Finished looking for orphan Actors (0.000 secs)
[2020.07.06-12.45.53:006][  0]LogUObjectHash: Compacting FUObjectHashTables data took   0.99ms
[2020.07.06-12.45.53:006][  0]Cmd: MAP CHECKDEP NOCLEARLOG
[2020.07.06-12.45.53:006][  0]MapCheck: Map check complete: 0 Error(s), 0 Warning(s), took 0.146ms to complete.
[2020.07.06-12.45.53:006][  0]LogFileHelpers: Loading map 'Template_Default' took 0.387
[2020.07.06-12.45.53:008][  0]LogUnrealEdMisc: Total Editor Startup Time, took 47.985
[2020.07.06-12.45.53:265][  0]LogSlate: Updating window title bar state: overlay mode, drag disabled, window buttons hidden, title bar hidden
[2020.07.06-12.45.53:280][  0]LogSlate: Updating window title bar state: overlay mode, drag disabled, window buttons hidden, title bar hidden
[2020.07.06-12.45.53:293][  0]LogSlate: Updating window title bar state: overlay mode, drag disabled, window buttons hidden, title bar hidden
[2020.07.06-12.45.53:308][  0]LogSlate: Updating window title bar state: overlay mode, drag disabled, window buttons hidden, title bar hidden
[2020.07.06-12.45.53:357][  0]LogCollectionManager: Loaded 0 collections in 0.003200 seconds
[2020.07.06-12.45.53:380][  0]LogFileCache: Scanning file cache for directory 'C:/Users/Sumit/Documents/GitHub/UnrealEngine_Sumit/pinball_Sumit/Saved/Collections/' took 0.00s
[2020.07.06-12.45.53:381][  0]LogFileCache: Scanning file cache for directory 'C:/Users/Sumit/Documents/GitHub/UnrealEngine_Sumit/pinball_Sumit/Content/Developers/Sumit/Collections/' took 0.00s
[2020.07.06-12.45.53:381][  0]LogFileCache: Scanning file cache for directory 'C:/Users/Sumit/Documents/GitHub/UnrealEngine_Sumit/pinball_Sumit/Content/Collections/' took 0.00s
[2020.07.06-12.45.53:381][  0]LogContentBrowser: Native class hierarchy populated in 0.0142 seconds. Added 3426 classes and 820 folders.
[2020.07.06-12.45.53:389][  0]LogContentBrowser: Native class hierarchy updated for 'WidgetCarousel' in 0.0004 seconds. Added 0 classes and 0 folders.
[2020.07.06-12.45.54:294][  0]LogContentBrowser: Native class hierarchy updated for 'AddContentDialog' in 0.0003 seconds. Added 0 classes and 0 folders.
[2020.07.06-12.45.54:295][  0]LogContentBrowser: Native class hierarchy updated for 'SceneOutliner' in 0.0003 seconds. Added 2 classes and 0 folders.
[2020.07.06-12.45.54:439][  0]LogSlate: Took 0.009550 seconds to synchronously load lazily loaded font '../../../Engine/Content/Slate/Fonts/Roboto-Regular.ttf' (155K)
[2020.07.06-12.45.54:449][  0]LogSlate: Took 0.008564 seconds to synchronously load lazily loaded font '../../../Engine/Content/Slate/Fonts/Roboto-Bold.ttf' (160K)
[2020.07.06-12.45.54:464][  0]LogSlate: Took 0.009095 seconds to synchronously load lazily loaded font '../../../Engine/Content/Editor/Slate/Fonts/FontAwesome.ttf' (139K)
[2020.07.06-12.45.54:625][  0]LogRenderer: Reallocating scene render targets to support 784x456 Format 10 NumSamples 1 (Frame:1).
[2020.07.06-12.45.54:815][  0]LogContentBrowser: Native class hierarchy updated for 'HierarchicalLODOutliner' in 0.0004 seconds. Added 0 classes and 0 folders.
[2020.07.06-12.45.54:815][  0]LogLoad: (Engine Initialization) Total time: 49.79 seconds
[2020.07.06-12.45.54:815][  0]LogLoad: (Engine Initialization) Total Blueprint compile time: 0.00 seconds
[2020.07.06-12.45.54:879][  0]LogAssetRegistry: Asset discovery search completed in 20.2983 seconds
[2020.07.06-12.45.54:885][  0]LogCollectionManager: Fixed up redirectors for 0 collections in 0.000008 seconds (updated 0 objects)
[2020.07.06-12.45.54:886][  0]LogContentStreaming: Texture pool size now 1000 MB
[2020.07.06-12.45.54:933][  0]LogSlate: Took 0.007874 seconds to synchronously load lazily loaded font '../../../Engine/Content/Slate/Fonts/Roboto-Light.ttf' (167K)
[2020.07.06-12.46.13:182][303]LogSlate: Took 0.000219 seconds to synchronously load lazily loaded font '../../../Engine/Content/Slate/Fonts/Roboto-Light.ttf' (167K)
[2020.07.06-12.46.15:608][303]LogAssetEditorSubsystem: Opening Asset editor for World /Game/pinball_Sumit.pinball_Sumit
[2020.07.06-12.46.15:621][303]LogUObjectHash: Compacting FUObjectHashTables data took   0.91ms
[2020.07.06-12.46.15:623][303]Cmd: MAP LOAD FILE="../../../../../../Users/Sumit/Documents/GitHub/UnrealEngine_Sumit/pinball_Sumit/Content/pinball_Sumit.umap" TEMPLATE=0 SHOWPROGRESS=1 FEATURELEVEL=3
[2020.07.06-12.46.15:623][303]LightingResults: New page: Lighting Build
[2020.07.06-12.46.15:623][303]LoadErrors: New page: Loading map: pinball_Sumit.umap
[2020.07.06-12.46.15:624][303]LogWorld: UWorld::CleanupWorld for Untitled_1, bSessionEnded=true, bCleanupResources=true
[2020.07.06-12.46.15:624][303]LogSlate: InvalidateAllWidgets triggered.  All widgets were invalidated
[2020.07.06-12.46.15:624][303]MapCheck: New page: Map Check
[2020.07.06-12.46.15:624][303]LightingResults: New page: Lighting Build
[2020.07.06-12.46.15:634][303]LogAISub: UAISubsystem::~UAISubsystem EnvQueryManager (000001EF0FE0BE00), frame # 303
[2020.07.06-12.46.15:634][303]LogAISub: UAISubsystem::~UAISubsystem AIPerceptionSystem (000001EF0FFF9BC0), frame # 303
[2020.07.06-12.46.15:634][303]LogUObjectHash: Compacting FUObjectHashTables data took   0.61ms
[2020.07.06-12.46.15:829][303]LogEditorServer: Finished looking for orphan Actors (0.000 secs)
[2020.07.06-12.46.15:829][303]LogAIModule: Creating AISystem for world pinball_Sumit
[2020.07.06-12.46.15:829][303]LogAISub: UAISubsystem::UAISubsystem EnvQueryManager (000001EF36C1B800), frame # 303
[2020.07.06-12.46.15:829][303]LogAISub: UAISubsystem::UAISubsystem AIPerceptionSystem (000001EF457E51C0), frame # 303
[2020.07.06-12.46.15:845][303]LogUObjectHash: Compacting FUObjectHashTables data took   0.77ms
[2020.07.06-12.46.15:922][303]Cmd: MAP CHECKDEP NOCLEARLOG
[2020.07.06-12.46.15:922][303]MapCheck: Map check complete: 0 Error(s), 0 Warning(s), took 0.286ms to complete.
[2020.07.06-12.46.15:922][303]LogFileHelpers: Loading map 'pinball_Sumit' took 0.300
[2020.07.06-12.46.43:699][871]LogEditorViewport: Clicking Background
[2020.07.06-12.46.45:870][999]LogEditorViewport: Clicking on Actor (LMB): BP_Plunger_C (BP_Plunger)
[2020.07.06-12.46.57:648][666]LogEditorViewport: Clicking Background
[2020.07.06-12.47.04:039][ 15]LogEditorViewport: Clicking Background
[2020.07.06-12.47.27:291][375]LogEditorViewport: Clicking Background
[2020.07.06-12.47.44:440][316]LogEditorViewport: Clicking Background
[2020.07.06-12.48.42:087][501]LogEditorViewport: Clicking Background
[2020.07.06-12.48.47:338][812]LogRenderer: Reallocating scene render targets to support 784x460 Format 10 NumSamples 1 (Frame:6150).
[2020.07.06-12.48.47:394][813]LogRenderer: Reallocating scene render targets to support 784x520 Format 10 NumSamples 1 (Frame:6152).
[2020.07.06-12.48.47:460][814]LogRenderer: Reallocating scene render targets to support 784x544 Format 10 NumSamples 1 (Frame:6154).
[2020.07.06-12.48.47:518][815]LogRenderer: Reallocating scene render targets to support 784x576 Format 10 NumSamples 1 (Frame:6156).
[2020.07.06-12.48.47:566][816]LogRenderer: Reallocating scene render targets to support 784x596 Format 10 NumSamples 1 (Frame:6158).
[2020.07.06-12.48.47:620][817]LogRenderer: Reallocating scene render targets to support 784x620 Format 10 NumSamples 1 (Frame:6160).
[2020.07.06-12.48.47:688][818]LogRenderer: Reallocating scene render targets to support 784x640 Format 10 NumSamples 1 (Frame:6162).
[2020.07.06-12.48.47:753][819]LogRenderer: Reallocating scene render targets to support 784x644 Format 10 NumSamples 1 (Frame:6164).
[2020.07.06-12.48.47:846][820]LogRenderer: Reallocating scene render targets to support 784x648 Format 10 NumSamples 1 (Frame:6166).
[2020.07.06-12.48.47:924][821]LogRenderer: Reallocating scene render targets to support 784x652 Format 10 NumSamples 1 (Frame:6168).
[2020.07.06-12.48.51:040][956]LogRenderer: Reallocating scene render targets to support 792x652 Format 10 NumSamples 1 (Frame:6303).
[2020.07.06-12.48.51:095][956]LogRenderer: Reallocating scene render targets to support 828x652 Format 10 NumSamples 1 (Frame:6305).
[2020.07.06-12.48.51:166][958]LogRenderer: Reallocating scene render targets to support 952x652 Format 10 NumSamples 1 (Frame:6307).
[2020.07.06-12.48.51:222][959]LogRenderer: Reallocating scene render targets to support 980x652 Format 10 NumSamples 1 (Frame:6309).
[2020.07.06-12.48.51:274][960]LogRenderer: Reallocating scene render targets to support 1020x652 Format 10 NumSamples 1 (Frame:6311).
[2020.07.06-12.48.51:362][961]LogRenderer: Reallocating scene render targets to support 1032x652 Format 10 NumSamples 1 (Frame:6313).
[2020.07.06-12.48.51:412][962]LogRenderer: Reallocating scene render targets to support 1036x652 Format 10 NumSamples 1 (Frame:6315).
[2020.07.06-12.50.07:759][156]LogEditorViewport: Clicking on Actor (LMB): StaticMeshActor (SM_TableFrame)
[2020.07.06-12.50.12:256][340]LogEditorViewport: Clicking Background
[2020.07.06-12.52.53:352][579]LogAssetEditorSubsystem: Opening Asset editor for StaticMesh /Game/Assets/SM_PlasticRamp_End.SM_PlasticRamp_End
[2020.07.06-12.52.54:057][579]LogWorld: UWorld::CleanupWorld for World_2, bSessionEnded=true, bCleanupResources=true
[2020.07.06-12.52.54:057][579]LogSlate: InvalidateAllWidgets triggered.  All widgets were invalidated
[2020.07.06-12.52.57:775][660]LogSlate: Took 0.012226 seconds to synchronously load lazily loaded font '../../../Engine/Content/Slate/Fonts/Roboto-Italic.ttf' (157K)
[2020.07.06-12.53.16:007][397]LogRenderer: Reallocating scene render targets to support 1144x704 Format 10 NumSamples 1 (Frame:335).
[2020.07.06-12.53.20:257][524]LogMaterial: Display: Material /Game/Materials/M_Plunger.M_Plunger needed to have new flag set bUsedWithSplineMeshes !
[2020.07.06-12.53.20:258][524]LogMaterial: Display: Missing cached shader map for material M_Plunger, compiling. 
[2020.07.06-12.53.20:364][524]LogShaderCompilers: Display: Worker (1/5): shaders left to compile 31
[2020.07.06-12.53.20:364][524]LogShaderCompilers: Display: Worker (2/5): shaders left to compile 23
[2020.07.06-12.53.20:364][524]LogShaderCompilers: Display: Worker (3/5): shaders left to compile 15
[2020.07.06-12.53.20:364][524]LogShaderCompilers: Display: Worker (4/5): shaders left to compile 7
[2020.07.06-12.53.27:972][763]Cmd: OBJ SAVEPACKAGE PACKAGE="/Game/Assets/SM_PlasticRamp_End" FILE="../../../../../../Users/Sumit/Documents/GitHub/UnrealEngine_Sumit/pinball_Sumit/Content/Assets/SM_PlasticRamp_End.uasset" SILENT=true
[2020.07.06-12.53.28:211][763]LogSavePackage: Moving '../../../../../../Users/Sumit/Documents/GitHub/UnrealEngine_Sumit/pinball_Sumit/Saved/SM_PlasticRamp_End0F0DA7E342A2344BB76A688DA371E3A8.tmp' to '../../../../../../Users/Sumit/Documents/GitHub/UnrealEngine_Sumit/pinball_Sumit/Content/Assets/SM_PlasticRamp_End.uasset'
[2020.07.06-12.53.28:238][763]AssetCheck: New page: Asset Save: SM_PlasticRamp_End
[2020.07.06-12.53.28:238][763]LogContentValidation: Display: Validating StaticMesh /Game/Assets/SM_PlasticRamp_End.SM_PlasticRamp_End
[2020.07.06-12.53.40:442][189]LogEditorViewport: Clicking on Actor (LMB): StaticMeshActor (SM_TableFrame)
[2020.07.06-12.55.40:613][534]Cmd: DELETE
[2020.07.06-12.55.40:613][534]Cmd: ACTOR DELETE
[2020.07.06-12.55.47:218][534]LogSlate: Window 'Message' being destroyed
[2020.07.06-12.55.47:228][534]Message dialog closed, result: Cancel, title: Message, text: Actor Actor1 is referenced by the level blueprint.
Do you really want to delete it? This will break references.

Reference List:

Actor1
[2020.07.06-12.55.47:241][534]LogUObjectHash: Compacting FUObjectHashTables data took   0.82ms
[2020.07.06-12.55.47:248][534]LogEditorActor: Deleted 0 Actors (0.032 secs)
[2020.07.06-12.55.48:756][579]Cmd: TRANSACTION UNDO
[2020.07.06-12.55.48:756][579]LogEditorTransaction: Undo Delete Actors
[2020.07.06-12.55.49:913][616]Cmd: TRANSACTION UNDO
[2020.07.06-12.55.49:914][616]LogEditorTransaction: Undo Move Actors
[2020.07.06-12.56.06:030][286]Cmd: DELETE
[2020.07.06-12.56.06:031][286]Cmd: ACTOR DELETE
[2020.07.06-12.56.06:043][286]LogEditorActor: Deleted Actor: StaticMeshActor
[2020.07.06-12.56.06:075][286]LogUObjectHash: Compacting FUObjectHashTables data took   1.99ms
[2020.07.06-12.56.06:080][286]LogEditorActor: Deleted 1 Actors (0.049 secs)
[2020.07.06-12.56.21:731][894]Cmd: DELETE
[2020.07.06-12.56.21:731][894]Cmd: ACTOR DELETE
[2020.07.06-12.56.21:737][894]LogEditorActor: Deleted Actor: StaticMeshActor
[2020.07.06-12.56.21:751][894]LogUObjectHash: Compacting FUObjectHashTables data took   0.50ms
[2020.07.06-12.56.21:753][894]LogEditorActor: Deleted 1 Actors (0.022 secs)
[2020.07.06-12.58.11:470][658]LogUObjectHash: Compacting FUObjectHashTables data took   0.32ms
[2020.07.06-12.58.11:726][658]LogSavePackage: Moving '../../../../../../Users/Sumit/Documents/GitHub/UnrealEngine_Sumit/pinball_Sumit/Saved/pinball_Sumit_Auto15EC975CB4572B42ABA1E1E8B642EE12B.tmp' to '../../../../../../Users/Sumit/Documents/GitHub/UnrealEngine_Sumit/pinball_Sumit/Saved/Autosaves/Game/pinball_Sumit_Auto1.umap'
[2020.07.06-12.58.11:735][658]LogFileHelpers: Editor autosave (incl. sublevels) for '/Game/pinball_Sumit' took 0.278
[2020.07.06-12.58.11:735][658]LogFileHelpers: Editor autosave (incl. sublevels) for all levels took 0.278
[2020.07.06-12.58.11:736][658]OBJ SavePackage: Generating thumbnails for [1] asset(s) in package [/Game/Materials/M_Plunger] ([1] browsable assets)...
[2020.07.06-12.58.11:787][658]OBJ SavePackage:     Rendered thumbnail for [Material /Game/Materials/M_Plunger.M_Plunger]
[2020.07.06-12.58.11:787][658]OBJ SavePackage: Finished generating thumbnails for package [/Game/Materials/M_Plunger]
[2020.07.06-12.58.12:144][658]LogSavePackage: Moving '../../../../../../Users/Sumit/Documents/GitHub/UnrealEngine_Sumit/pinball_Sumit/Saved/M_Plunger_Auto1E6DF532141274265C80FFBB59E71C095.tmp' to '../../../../../../Users/Sumit/Documents/GitHub/UnrealEngine_Sumit/pinball_Sumit/Saved/Autosaves/Game/Materials/M_Plunger_Auto1.uasset'
[2020.07.06-12.58.12:148][658]LogFileHelpers: Auto-saving content packages took 0.413
[2020.07.06-12.58.47:958][833]Cmd: DELETE
[2020.07.06-12.58.47:958][833]Cmd: ACTOR DELETE
[2020.07.06-12.58.47:960][833]LogEditorActor: Deleted Actor: Brush
[2020.07.06-12.58.47:971][833]LogUObjectHash: Compacting FUObjectHashTables data took   0.35ms
[2020.07.06-12.58.48:027][833]LogEditorActor: Deleted 1 Actors (0.068 secs)
[2020.07.06-12.59.16:161][642]Cmd: DELETE
[2020.07.06-12.59.16:161][642]Cmd: ACTOR DELETE
[2020.07.06-12.59.16:166][642]LogEditorActor: Deleted Actor: Brush
[2020.07.06-12.59.16:181][642]LogUObjectHash: Compacting FUObjectHashTables data took   0.55ms
[2020.07.06-12.59.16:221][642]LogEditorActor: Deleted 1 Actors (0.060 secs)
[2020.07.06-13.00.27:569][683]Cmd: DELETE
[2020.07.06-13.00.27:569][683]Cmd: ACTOR DELETE
[2020.07.06-13.00.27:571][683]LogEditorActor: Deleted Actor: Brush
[2020.07.06-13.00.27:583][683]LogUObjectHash: Compacting FUObjectHashTables data took   0.45ms
[2020.07.06-13.00.27:619][683]LogEditorActor: Deleted 1 Actors (0.051 secs)
[2020.07.06-13.00.36:958][956]Cmd: DELETE
[2020.07.06-13.00.36:958][956]Cmd: ACTOR DELETE
[2020.07.06-13.00.36:963][956]LogEditorActor: Deleted Actor: Brush
[2020.07.06-13.00.36:973][956]LogUObjectHash: Compacting FUObjectHashTables data took   0.28ms
[2020.07.06-13.00.37:256][956]LogEditorActor: Deleted 1 Actors (0.298 secs)
[2020.07.06-13.00.39:721][ 23]Cmd: DELETE
[2020.07.06-13.00.39:721][ 23]Cmd: ACTOR DELETE
[2020.07.06-13.00.39:726][ 23]LogEditorActor: Deleted Actor: Brush
[2020.07.06-13.00.39:738][ 23]LogUObjectHash: Compacting FUObjectHashTables data took   0.31ms
[2020.07.06-13.00.39:775][ 23]LogEditorActor: Deleted 1 Actors (0.054 secs)
[2020.07.06-13.00.42:152][ 78]Cmd: DELETE
[2020.07.06-13.00.42:152][ 78]Cmd: ACTOR DELETE
[2020.07.06-13.00.42:157][ 78]LogEditorActor: Deleted Actor: Brush
[2020.07.06-13.00.42:171][ 78]LogUObjectHash: Compacting FUObjectHashTables data took   0.32ms
[2020.07.06-13.00.42:199][ 78]LogEditorActor: Deleted 1 Actors (0.047 secs)
[2020.07.06-13.00.44:422][150]Cmd: DELETE
[2020.07.06-13.00.44:422][150]Cmd: ACTOR DELETE
[2020.07.06-13.00.44:429][150]LogEditorActor: Deleted Actor: Brush
[2020.07.06-13.00.44:440][150]LogUObjectHash: Compacting FUObjectHashTables data took   0.28ms
[2020.07.06-13.00.44:488][150]LogEditorActor: Deleted 1 Actors (0.066 secs)
[2020.07.06-13.00.46:355][212]Cmd: DELETE
[2020.07.06-13.00.46:355][212]Cmd: ACTOR DELETE
[2020.07.06-13.00.46:361][212]LogEditorActor: Deleted Actor: Brush
[2020.07.06-13.00.46:372][212]LogUObjectHash: Compacting FUObjectHashTables data took   0.30ms
[2020.07.06-13.00.46:472][212]LogEditorActor: Deleted 1 Actors (0.116 secs)
[2020.07.06-13.00.53:737][418]Cmd: DELETE
[2020.07.06-13.00.53:738][418]Cmd: ACTOR DELETE
[2020.07.06-13.00.53:743][418]LogEditorActor: Deleted Actor: Brush
[2020.07.06-13.00.53:754][418]LogUObjectHash: Compacting FUObjectHashTables data took   0.40ms
[2020.07.06-13.00.53:804][418]LogEditorActor: Deleted 1 Actors (0.067 secs)
[2020.07.06-13.00.56:224][494]Cmd: DELETE
[2020.07.06-13.00.56:224][494]Cmd: ACTOR DELETE
[2020.07.06-13.00.56:231][494]LogEditorActor: Deleted Actor: Brush
[2020.07.06-13.00.56:243][494]LogUObjectHash: Compacting FUObjectHashTables data took   0.40ms
[2020.07.06-13.00.56:377][494]LogEditorActor: Deleted 1 Actors (0.154 secs)
[2020.07.06-13.00.58:898][564]Cmd: DELETE
[2020.07.06-13.00.58:898][564]Cmd: ACTOR DELETE
[2020.07.06-13.00.58:904][564]LogEditorActor: Deleted Actor: Brush
[2020.07.06-13.00.58:917][564]LogUObjectHash: Compacting FUObjectHashTables data took   0.26ms
[2020.07.06-13.00.58:950][564]LogEditorActor: Deleted 1 Actors (0.051 secs)
[2020.07.06-13.01.01:420][632]Cmd: DELETE
[2020.07.06-13.01.01:420][632]Cmd: ACTOR DELETE
[2020.07.06-13.01.01:427][632]LogEditorActor: Deleted Actor: Brush
[2020.07.06-13.01.01:438][632]LogUObjectHash: Compacting FUObjectHashTables data took   0.40ms
[2020.07.06-13.01.01:488][632]LogEditorActor: Deleted 1 Actors (0.067 secs)
[2020.07.06-13.01.03:239][683]Cmd: DELETE
[2020.07.06-13.01.03:239][683]Cmd: ACTOR DELETE
[2020.07.06-13.01.03:245][683]LogEditorActor: Deleted Actor: Brush
[2020.07.06-13.01.03:258][683]LogUObjectHash: Compacting FUObjectHashTables data took   0.30ms
[2020.07.06-13.01.03:328][683]LogEditorActor: Deleted 1 Actors (0.089 secs)
[2020.07.06-13.01.05:106][741]Cmd: DELETE
[2020.07.06-13.01.05:106][741]Cmd: ACTOR DELETE
[2020.07.06-13.01.05:111][741]LogEditorActor: Deleted Actor: Brush
[2020.07.06-13.01.05:123][741]LogUObjectHash: Compacting FUObjectHashTables data took   0.32ms
[2020.07.06-13.01.05:170][741]LogEditorActor: Deleted 1 Actors (0.064 secs)
[2020.07.06-13.04.23:829][166]LogEditorViewport: Clicking Background
[2020.07.06-13.04.55:462][106]LogUObjectHash: Compacting FUObjectHashTables data took   0.56ms
[2020.07.06-13.04.55:769][106]LogSavePackage: Moving '../../../../../../Users/Sumit/Documents/GitHub/UnrealEngine_Sumit/pinball_Sumit/Saved/pinball_Sumit13348D434AA5038C6F04C3B7F3B680FD.tmp' to '../../../../../../Users/Sumit/Documents/GitHub/UnrealEngine_Sumit/pinball_Sumit/Content/pinball_Sumit.umap'
[2020.07.06-13.04.55:884][106]Cmd: OBJ SAVEPACKAGE PACKAGE="/Game/pinball_Sumit_BuiltData" FILE="../../../../../../Users/Sumit/Documents/GitHub/UnrealEngine_Sumit/pinball_Sumit/Content/pinball_Sumit_BuiltData.uasset" SILENT=true
[2020.07.06-13.04.56:061][106]LogSavePackage: Moving '../../../../../../Users/Sumit/Documents/GitHub/UnrealEngine_Sumit/pinball_Sumit/Saved/pinball_Sumit_BuiltData6A4389414EAB5C01B679C39392559208.tmp' to '../../../../../../Users/Sumit/Documents/GitHub/UnrealEngine_Sumit/pinball_Sumit/Content/pinball_Sumit_BuiltData.uasset'
[2020.07.06-13.04.56:094][106]AssetCheck: New page: Asset Save: multiple assets
[2020.07.06-13.04.56:094][106]LogContentValidation: Display: Validating World /Game/pinball_Sumit.pinball_Sumit
[2020.07.06-13.04.56:094][106]LogContentValidation: Display: Validating MapBuildDataRegistry /Game/pinball_Sumit_BuiltData.pinball_Sumit_BuiltData
[2020.07.06-13.05.01:656][242]LogAssetEditorSubsystem: Opening Asset editor for Blueprint /Game/Blueprints/BP_Bumper.BP_Bumper
[2020.07.06-13.05.02:509][242]LogContentBrowser: Native class hierarchy updated for 'BlueprintGraph' in 0.0008 seconds. Added 125 classes and 0 folders.
[2020.07.06-13.05.09:473][397]LogSlate: Took 0.009746 seconds to synchronously load lazily loaded font '../../../Engine/Content/Slate/Fonts/Roboto-BoldCondensed.ttf' (158K)
[2020.07.06-13.05.14:051][524]LogSlate: Window 'BumpLerp_Template' being destroyed
[2020.07.06-13.05.14:059][524]LogSlate: Window 'BumpLerp_Template' being destroyed
[2020.07.06-13.05.15:384][560]LogSlate: Window 'BP_Bumper' being destroyed
[2020.07.06-13.05.15:392][560]LogSlate: Window 'BP_Bumper' being destroyed
[2020.07.06-13.05.15:420][560]LogWorld: UWorld::CleanupWorld for World_3, bSessionEnded=true, bCleanupResources=true
[2020.07.06-13.05.15:420][560]LogSlate: InvalidateAllWidgets triggered.  All widgets were invalidated
[2020.07.06-13.05.15:627][560]LogWorld: UWorld::CleanupWorld for World_9, bSessionEnded=true, bCleanupResources=true
[2020.07.06-13.05.15:627][560]LogSlate: InvalidateAllWidgets triggered.  All widgets were invalidated
